CRITICAL - 2020-11-27 13:29:27 --> No such file or directory
#0 /var/www/html/CVEN/app/Models/SiteReservationModel.php(15): CodeIgniter\Database\MySQLi\Connection->connect()
#1 /var/www/html/CVEN/app/Controllers/Connexion.php(38): App\Models\SiteReservationModel->__construct()
#2 /var/www/html/CVEN/app/Controllers/Connexion.php(33): App\Controllers\Connexion->verifyLoginPassword()
#3 /var/www/html/CVEN/system/CodeIgniter.php(914): App\Controllers\Connexion->index()
#4 /var/www/html/CVEN/system/CodeIgniter.php(400): CodeIgniter\CodeIgniter->runController()
#5 /var/www/html/CVEN/system/CodeIgniter.php(308): CodeIgniter\CodeIgniter->handleRequest()
#6 /var/www/html/CVEN/public/index.php(45): CodeIgniter\CodeIgniter->run()
#7 {main}
CRITICAL - 2020-11-27 13:32:51 --> You have not selected a database type to connect to.
#0 /var/www/html/CVEN/system/Database/Config.php(115): CodeIgniter\Database\Database->load()
#1 /var/www/html/CVEN/system/Model.php(336): CodeIgniter\Database\Config::connect()
#2 /var/www/html/CVEN/app/Models/SiteReservationModel.php(14): CodeIgniter\Model->__construct()
#3 /var/www/html/CVEN/app/Controllers/Connexion.php(38): App\Models\SiteReservationModel->__construct()
#4 /var/www/html/CVEN/app/Controllers/Connexion.php(33): App\Controllers\Connexion->verifyLoginPassword()
#5 /var/www/html/CVEN/system/CodeIgniter.php(914): App\Controllers\Connexion->index()
#6 /var/www/html/CVEN/system/CodeIgniter.php(400): CodeIgniter\CodeIgniter->runController()
#7 /var/www/html/CVEN/system/CodeIgniter.php(308): CodeIgniter\CodeIgniter->handleRequest()
#8 /var/www/html/CVEN/public/index.php(45): CodeIgniter\CodeIgniter->run()
#9 {main}
CRITICAL - 2020-11-27 13:33:08 --> session_regenerate_id(): Cannot regenerate session id - session is not active
#0 [internal function]: CodeIgniter\Debug\Exceptions->errorHandler()
#1 /var/www/html/CVEN/system/Session/Session.php(285): session_regenerate_id()
#2 /var/www/html/CVEN/app/Controllers/Session.php(31): CodeIgniter\Session\Session->stop()
#3 /var/www/html/CVEN/app/Controllers/Session.php(39): App\Controllers\Session::destructSession()
#4 /var/www/html/CVEN/app/Controllers/BookForm.php(12): App\Controllers\Session::verifySession()
#5 /var/www/html/CVEN/system/CodeIgniter.php(914): App\Controllers\BookForm->index()
#6 /var/www/html/CVEN/system/CodeIgniter.php(400): CodeIgniter\CodeIgniter->runController()
#7 /var/www/html/CVEN/system/CodeIgniter.php(308): CodeIgniter\CodeIgniter->handleRequest()
#8 /var/www/html/CVEN/public/index.php(45): CodeIgniter\CodeIgniter->run()
#9 {main}
CRITICAL - 2020-11-27 14:02:25 --> You have not selected a database type to connect to.
#0 /var/www/html/CVEN/system/Database/Config.php(115): CodeIgniter\Database\Database->load()
#1 /var/www/html/CVEN/system/Model.php(336): CodeIgniter\Database\Config::connect()
#2 /var/www/html/CVEN/app/Models/SiteReservationModel.php(14): CodeIgniter\Model->__construct()
#3 /var/www/html/CVEN/app/Controllers/Connexion.php(38): App\Models\SiteReservationModel->__construct()
#4 /var/www/html/CVEN/app/Controllers/Connexion.php(33): App\Controllers\Connexion->verifyLoginPassword()
#5 /var/www/html/CVEN/system/CodeIgniter.php(914): App\Controllers\Connexion->index()
#6 /var/www/html/CVEN/system/CodeIgniter.php(400): CodeIgniter\CodeIgniter->runController()
#7 /var/www/html/CVEN/system/CodeIgniter.php(308): CodeIgniter\CodeIgniter->handleRequest()
#8 /var/www/html/CVEN/public/index.php(45): CodeIgniter\CodeIgniter->run()
#9 {main}
CRITICAL - 2020-11-27 14:07:45 --> Class '\CodeIgniter\Database\postgre\Connection' not found
#0 /var/www/html/CVEN/system/Database/Config.php(115): CodeIgniter\Database\Database->load()
#1 /var/www/html/CVEN/system/Model.php(336): CodeIgniter\Database\Config::connect()
#2 /var/www/html/CVEN/app/Models/SiteReservationModel.php(14): CodeIgniter\Model->__construct()
#3 /var/www/html/CVEN/app/Controllers/Connexion.php(38): App\Models\SiteReservationModel->__construct()
#4 /var/www/html/CVEN/app/Controllers/Connexion.php(33): App\Controllers\Connexion->verifyLoginPassword()
#5 /var/www/html/CVEN/system/CodeIgniter.php(914): App\Controllers\Connexion->index()
#6 /var/www/html/CVEN/system/CodeIgniter.php(400): CodeIgniter\CodeIgniter->runController()
#7 /var/www/html/CVEN/system/CodeIgniter.php(308): CodeIgniter\CodeIgniter->handleRequest()
#8 /var/www/html/CVEN/public/index.php(45): CodeIgniter\CodeIgniter->run()
#9 {main}
CRITICAL - 2020-11-27 14:10:05 --> Class '\CodeIgniter\Database\postgre\Connection' not found
#0 /var/www/html/CVEN/system/Database/Config.php(115): CodeIgniter\Database\Database->load()
#1 /var/www/html/CVEN/system/Model.php(336): CodeIgniter\Database\Config::connect()
#2 /var/www/html/CVEN/app/Models/SiteReservationModel.php(14): CodeIgniter\Model->__construct()
#3 /var/www/html/CVEN/app/Controllers/Connexion.php(38): App\Models\SiteReservationModel->__construct()
#4 /var/www/html/CVEN/app/Controllers/Connexion.php(33): App\Controllers\Connexion->verifyLoginPassword()
#5 /var/www/html/CVEN/system/CodeIgniter.php(914): App\Controllers\Connexion->index()
#6 /var/www/html/CVEN/system/CodeIgniter.php(400): CodeIgniter\CodeIgniter->runController()
#7 /var/www/html/CVEN/system/CodeIgniter.php(308): CodeIgniter\CodeIgniter->handleRequest()
#8 /var/www/html/CVEN/public/index.php(45): CodeIgniter\CodeIgniter->run()
#9 {main}
CRITICAL - 2020-11-27 14:16:44 --> Class '\CodeIgniter\Database\postgre\Connection' not found
#0 /var/www/html/CVEN/system/Database/Config.php(115): CodeIgniter\Database\Database->load()
#1 /var/www/html/CVEN/system/Model.php(336): CodeIgniter\Database\Config::connect()
#2 /var/www/html/CVEN/app/Models/SiteReservationModel.php(14): CodeIgniter\Model->__construct()
#3 /var/www/html/CVEN/app/Controllers/Connexion.php(38): App\Models\SiteReservationModel->__construct()
#4 /var/www/html/CVEN/app/Controllers/Connexion.php(33): App\Controllers\Connexion->verifyLoginPassword()
#5 /var/www/html/CVEN/system/CodeIgniter.php(914): App\Controllers\Connexion->index()
#6 /var/www/html/CVEN/system/CodeIgniter.php(400): CodeIgniter\CodeIgniter->runController()
#7 /var/www/html/CVEN/system/CodeIgniter.php(308): CodeIgniter\CodeIgniter->handleRequest()
#8 /var/www/html/CVEN/public/index.php(45): CodeIgniter\CodeIgniter->run()
#9 {main}
CRITICAL - 2020-11-27 14:21:00 --> You have not selected a database type to connect to.
#0 /var/www/html/CVEN/system/Database/Config.php(115): CodeIgniter\Database\Database->load()
#1 /var/www/html/CVEN/system/Model.php(336): CodeIgniter\Database\Config::connect()
#2 /var/www/html/CVEN/app/Models/SiteReservationModel.php(14): CodeIgniter\Model->__construct()
#3 /var/www/html/CVEN/app/Controllers/Connexion.php(38): App\Models\SiteReservationModel->__construct()
#4 /var/www/html/CVEN/app/Controllers/Connexion.php(33): App\Controllers\Connexion->verifyLoginPassword()
#5 /var/www/html/CVEN/system/CodeIgniter.php(914): App\Controllers\Connexion->index()
#6 /var/www/html/CVEN/system/CodeIgniter.php(400): CodeIgniter\CodeIgniter->runController()
#7 /var/www/html/CVEN/system/CodeIgniter.php(308): CodeIgniter\CodeIgniter->handleRequest()
#8 /var/www/html/CVEN/public/index.php(45): CodeIgniter\CodeIgniter->run()
#9 {main}
CRITICAL - 2020-11-27 14:21:04 --> You have not selected a database type to connect to.
#0 /var/www/html/CVEN/system/Database/Config.php(115): CodeIgniter\Database\Database->load()
#1 /var/www/html/CVEN/system/Model.php(336): CodeIgniter\Database\Config::connect()
#2 /var/www/html/CVEN/app/Models/SiteReservationModel.php(14): CodeIgniter\Model->__construct()
#3 /var/www/html/CVEN/app/Controllers/Connexion.php(38): App\Models\SiteReservationModel->__construct()
#4 /var/www/html/CVEN/app/Controllers/Connexion.php(33): App\Controllers\Connexion->verifyLoginPassword()
#5 /var/www/html/CVEN/system/CodeIgniter.php(914): App\Controllers\Connexion->index()
#6 /var/www/html/CVEN/system/CodeIgniter.php(400): CodeIgniter\CodeIgniter->runController()
#7 /var/www/html/CVEN/system/CodeIgniter.php(308): CodeIgniter\CodeIgniter->handleRequest()
#8 /var/www/html/CVEN/public/index.php(45): CodeIgniter\CodeIgniter->run()
#9 {main}
CRITICAL - 2020-11-27 14:21:25 --> Class '\CodeIgniter\Database\postgre\Connection' not found
#0 /var/www/html/CVEN/system/Database/Config.php(115): CodeIgniter\Database\Database->load()
#1 /var/www/html/CVEN/system/Model.php(336): CodeIgniter\Database\Config::connect()
#2 /var/www/html/CVEN/app/Models/SiteReservationModel.php(14): CodeIgniter\Model->__construct()
#3 /var/www/html/CVEN/app/Controllers/Connexion.php(38): App\Models\SiteReservationModel->__construct()
#4 /var/www/html/CVEN/app/Controllers/Connexion.php(33): App\Controllers\Connexion->verifyLoginPassword()
#5 /var/www/html/CVEN/system/CodeIgniter.php(914): App\Controllers\Connexion->index()
#6 /var/www/html/CVEN/system/CodeIgniter.php(400): CodeIgniter\CodeIgniter->runController()
#7 /var/www/html/CVEN/system/CodeIgniter.php(308): CodeIgniter\CodeIgniter->handleRequest()
#8 /var/www/html/CVEN/public/index.php(45): CodeIgniter\CodeIgniter->run()
#9 {main}
CRITICAL - 2020-11-27 14:24:01 --> You have not selected a database type to connect to.
#0 /var/www/html/CVEN/system/Database/Config.php(115): CodeIgniter\Database\Database->load()
#1 /var/www/html/CVEN/system/Model.php(336): CodeIgniter\Database\Config::connect()
#2 /var/www/html/CVEN/app/Models/SiteReservationModel.php(14): CodeIgniter\Model->__construct()
#3 /var/www/html/CVEN/app/Controllers/Connexion.php(38): App\Models\SiteReservationModel->__construct()
#4 /var/www/html/CVEN/app/Controllers/Connexion.php(33): App\Controllers\Connexion->verifyLoginPassword()
#5 /var/www/html/CVEN/system/CodeIgniter.php(914): App\Controllers\Connexion->index()
#6 /var/www/html/CVEN/system/CodeIgniter.php(400): CodeIgniter\CodeIgniter->runController()
#7 /var/www/html/CVEN/system/CodeIgniter.php(308): CodeIgniter\CodeIgniter->handleRequest()
#8 /var/www/html/CVEN/public/index.php(45): CodeIgniter\CodeIgniter->run()
#9 {main}
CRITICAL - 2020-11-27 14:26:25 --> Call to undefined function CodeIgniter\Database\Postgre\pg_pconnect()
#0 /var/www/html/CVEN/app/Models/SiteReservationModel.php(15): CodeIgniter\Database\Postgre\Connection->connect()
#1 /var/www/html/CVEN/app/Controllers/Connexion.php(38): App\Models\SiteReservationModel->__construct()
#2 /var/www/html/CVEN/app/Controllers/Connexion.php(33): App\Controllers\Connexion->verifyLoginPassword()
#3 /var/www/html/CVEN/system/CodeIgniter.php(914): App\Controllers\Connexion->index()
#4 /var/www/html/CVEN/system/CodeIgniter.php(400): CodeIgniter\CodeIgniter->runController()
#5 /var/www/html/CVEN/system/CodeIgniter.php(308): CodeIgniter\CodeIgniter->handleRequest()
#6 /var/www/html/CVEN/public/index.php(45): CodeIgniter\CodeIgniter->run()
#7 {main}
CRITICAL - 2020-11-27 14:27:56 --> Class '\CodeIgniter\Database\postgres\Connection' not found
#0 /var/www/html/CVEN/system/Database/Config.php(115): CodeIgniter\Database\Database->load()
#1 /var/www/html/CVEN/system/Model.php(336): CodeIgniter\Database\Config::connect()
#2 /var/www/html/CVEN/app/Models/SiteReservationModel.php(14): CodeIgniter\Model->__construct()
#3 /var/www/html/CVEN/app/Controllers/Connexion.php(38): App\Models\SiteReservationModel->__construct()
#4 /var/www/html/CVEN/app/Controllers/Connexion.php(33): App\Controllers\Connexion->verifyLoginPassword()
#5 /var/www/html/CVEN/system/CodeIgniter.php(914): App\Controllers\Connexion->index()
#6 /var/www/html/CVEN/system/CodeIgniter.php(400): CodeIgniter\CodeIgniter->runController()
#7 /var/www/html/CVEN/system/CodeIgniter.php(308): CodeIgniter\CodeIgniter->handleRequest()
#8 /var/www/html/CVEN/public/index.php(45): CodeIgniter\CodeIgniter->run()
#9 {main}
CRITICAL - 2020-11-27 14:28:16 --> Class '\CodeIgniter\Database\postgre\Connection' not found
#0 /var/www/html/CVEN/system/Database/Config.php(115): CodeIgniter\Database\Database->load()
#1 /var/www/html/CVEN/system/Model.php(336): CodeIgniter\Database\Config::connect()
#2 /var/www/html/CVEN/app/Models/SiteReservationModel.php(14): CodeIgniter\Model->__construct()
#3 /var/www/html/CVEN/app/Controllers/Connexion.php(38): App\Models\SiteReservationModel->__construct()
#4 /var/www/html/CVEN/app/Controllers/Connexion.php(33): App\Controllers\Connexion->verifyLoginPassword()
#5 /var/www/html/CVEN/system/CodeIgniter.php(914): App\Controllers\Connexion->index()
#6 /var/www/html/CVEN/system/CodeIgniter.php(400): CodeIgniter\CodeIgniter->runController()
#7 /var/www/html/CVEN/system/CodeIgniter.php(308): CodeIgniter\CodeIgniter->handleRequest()
#8 /var/www/html/CVEN/public/index.php(45): CodeIgniter\CodeIgniter->run()
#9 {main}
CRITICAL - 2020-11-27 14:28:30 --> Call to undefined function CodeIgniter\Database\Postgre\pg_pconnect()
#0 /var/www/html/CVEN/app/Models/SiteReservationModel.php(15): CodeIgniter\Database\Postgre\Connection->connect()
#1 /var/www/html/CVEN/app/Controllers/Connexion.php(38): App\Models\SiteReservationModel->__construct()
#2 /var/www/html/CVEN/app/Controllers/Connexion.php(33): App\Controllers\Connexion->verifyLoginPassword()
#3 /var/www/html/CVEN/system/CodeIgniter.php(914): App\Controllers\Connexion->index()
#4 /var/www/html/CVEN/system/CodeIgniter.php(400): CodeIgniter\CodeIgniter->runController()
#5 /var/www/html/CVEN/system/CodeIgniter.php(308): CodeIgniter\CodeIgniter->handleRequest()
#6 /var/www/html/CVEN/public/index.php(45): CodeIgniter\CodeIgniter->run()
#7 {main}
CRITICAL - 2020-11-27 14:29:23 --> Call to undefined function CodeIgniter\Database\Postgre\pg_pconnect()
#0 /var/www/html/CVEN/app/Models/SiteReservationModel.php(15): CodeIgniter\Database\Postgre\Connection->connect()
#1 /var/www/html/CVEN/app/Controllers/Connexion.php(38): App\Models\SiteReservationModel->__construct()
#2 /var/www/html/CVEN/app/Controllers/Connexion.php(33): App\Controllers\Connexion->verifyLoginPassword()
#3 /var/www/html/CVEN/system/CodeIgniter.php(914): App\Controllers\Connexion->index()
#4 /var/www/html/CVEN/system/CodeIgniter.php(400): CodeIgniter\CodeIgniter->runController()
#5 /var/www/html/CVEN/system/CodeIgniter.php(308): CodeIgniter\CodeIgniter->handleRequest()
#6 /var/www/html/CVEN/public/index.php(45): CodeIgniter\CodeIgniter->run()
#7 {main}
CRITICAL - 2020-11-27 14:30:57 --> Call to undefined function CodeIgniter\Database\Postgre\pg_pconnect()
#0 /var/www/html/CVEN/app/Models/SiteReservationModel.php(15): CodeIgniter\Database\Postgre\Connection->connect()
#1 /var/www/html/CVEN/app/Controllers/Connexion.php(38): App\Models\SiteReservationModel->__construct()
#2 /var/www/html/CVEN/app/Controllers/Connexion.php(33): App\Controllers\Connexion->verifyLoginPassword()
#3 /var/www/html/CVEN/system/CodeIgniter.php(914): App\Controllers\Connexion->index()
#4 /var/www/html/CVEN/system/CodeIgniter.php(400): CodeIgniter\CodeIgniter->runController()
#5 /var/www/html/CVEN/system/CodeIgniter.php(308): CodeIgniter\CodeIgniter->handleRequest()
#6 /var/www/html/CVEN/public/index.php(45): CodeIgniter\CodeIgniter->run()
#7 {main}
CRITICAL - 2020-11-27 14:30:59 --> Call to undefined function CodeIgniter\Database\Postgre\pg_pconnect()
#0 /var/www/html/CVEN/app/Models/SiteReservationModel.php(15): CodeIgniter\Database\Postgre\Connection->connect()
#1 /var/www/html/CVEN/app/Controllers/Connexion.php(38): App\Models\SiteReservationModel->__construct()
#2 /var/www/html/CVEN/app/Controllers/Connexion.php(33): App\Controllers\Connexion->verifyLoginPassword()
#3 /var/www/html/CVEN/system/CodeIgniter.php(914): App\Controllers\Connexion->index()
#4 /var/www/html/CVEN/system/CodeIgniter.php(400): CodeIgniter\CodeIgniter->runController()
#5 /var/www/html/CVEN/system/CodeIgniter.php(308): CodeIgniter\CodeIgniter->handleRequest()
#6 /var/www/html/CVEN/public/index.php(45): CodeIgniter\CodeIgniter->run()
#7 {main}
CRITICAL - 2020-11-27 14:32:53 --> Class '\CodeIgniter\Database\pdo\Connection' not found
#0 /var/www/html/CVEN/system/Database/Config.php(115): CodeIgniter\Database\Database->load()
#1 /var/www/html/CVEN/system/Model.php(336): CodeIgniter\Database\Config::connect()
#2 /var/www/html/CVEN/app/Models/SiteReservationModel.php(14): CodeIgniter\Model->__construct()
#3 /var/www/html/CVEN/app/Controllers/Connexion.php(38): App\Models\SiteReservationModel->__construct()
#4 /var/www/html/CVEN/app/Controllers/Connexion.php(33): App\Controllers\Connexion->verifyLoginPassword()
#5 /var/www/html/CVEN/system/CodeIgniter.php(914): App\Controllers\Connexion->index()
#6 /var/www/html/CVEN/system/CodeIgniter.php(400): CodeIgniter\CodeIgniter->runController()
#7 /var/www/html/CVEN/system/CodeIgniter.php(308): CodeIgniter\CodeIgniter->handleRequest()
#8 /var/www/html/CVEN/public/index.php(45): CodeIgniter\CodeIgniter->run()
#9 {main}
CRITICAL - 2020-11-27 14:34:17 --> Call to undefined function CodeIgniter\Database\Postgre\pg_pconnect()
#0 /var/www/html/CVEN/app/Models/SiteReservationModel.php(15): CodeIgniter\Database\Postgre\Connection->connect()
#1 /var/www/html/CVEN/app/Controllers/Connexion.php(38): App\Models\SiteReservationModel->__construct()
#2 /var/www/html/CVEN/app/Controllers/Connexion.php(33): App\Controllers\Connexion->verifyLoginPassword()
#3 /var/www/html/CVEN/system/CodeIgniter.php(914): App\Controllers\Connexion->index()
#4 /var/www/html/CVEN/system/CodeIgniter.php(400): CodeIgniter\CodeIgniter->runController()
#5 /var/www/html/CVEN/system/CodeIgniter.php(308): CodeIgniter\CodeIgniter->handleRequest()
#6 /var/www/html/CVEN/public/index.php(45): CodeIgniter\CodeIgniter->run()
#7 {main}
CRITICAL - 2020-11-27 14:48:02 --> Call to undefined function CodeIgniter\Database\Postgre\pg_pconnect()
#0 /var/www/html/CVEN/app/Models/SiteReservationModel.php(15): CodeIgniter\Database\Postgre\Connection->connect()
#1 /var/www/html/CVEN/app/Controllers/Connexion.php(38): App\Models\SiteReservationModel->__construct()
#2 /var/www/html/CVEN/app/Controllers/Connexion.php(33): App\Controllers\Connexion->verifyLoginPassword()
#3 /var/www/html/CVEN/system/CodeIgniter.php(914): App\Controllers\Connexion->index()
#4 /var/www/html/CVEN/system/CodeIgniter.php(400): CodeIgniter\CodeIgniter->runController()
#5 /var/www/html/CVEN/system/CodeIgniter.php(308): CodeIgniter\CodeIgniter->handleRequest()
#6 /var/www/html/CVEN/public/index.php(45): CodeIgniter\CodeIgniter->run()
#7 {main}
CRITICAL - 2020-11-27 14:50:25 --> Call to undefined function CodeIgniter\Database\Postgre\pg_pconnect()
#0 /var/www/html/CVEN/app/Models/SiteReservationModel.php(15): CodeIgniter\Database\Postgre\Connection->connect()
#1 /var/www/html/CVEN/app/Controllers/Connexion.php(38): App\Models\SiteReservationModel->__construct()
#2 /var/www/html/CVEN/app/Controllers/Connexion.php(33): App\Controllers\Connexion->verifyLoginPassword()
#3 /var/www/html/CVEN/system/CodeIgniter.php(914): App\Controllers\Connexion->index()
#4 /var/www/html/CVEN/system/CodeIgniter.php(400): CodeIgniter\CodeIgniter->runController()
#5 /var/www/html/CVEN/system/CodeIgniter.php(308): CodeIgniter\CodeIgniter->handleRequest()
#6 /var/www/html/CVEN/public/index.php(45): CodeIgniter\CodeIgniter->run()
#7 {main}
CRITICAL - 2020-11-27 15:19:56 --> Call to undefined function CodeIgniter\Database\Postgre\pg_pconnect()
#0 /var/www/html/CVEN/app/Models/SiteReservationModel.php(15): CodeIgniter\Database\Postgre\Connection->connect()
#1 /var/www/html/CVEN/app/Controllers/Connexion.php(44): App\Models\SiteReservationModel->__construct()
#2 /var/www/html/CVEN/app/Controllers/Connexion.php(39): App\Controllers\Connexion->verifyLoginPassword()
#3 /var/www/html/CVEN/system/CodeIgniter.php(914): App\Controllers\Connexion->index()
#4 /var/www/html/CVEN/system/CodeIgniter.php(400): CodeIgniter\CodeIgniter->runController()
#5 /var/www/html/CVEN/system/CodeIgniter.php(308): CodeIgniter\CodeIgniter->handleRequest()
#6 /var/www/html/CVEN/public/index.php(45): CodeIgniter\CodeIgniter->run()
#7 {main}
CRITICAL - 2020-11-27 15:21:02 --> Call to undefined function CodeIgniter\Database\Postgre\pg_pconnect()
#0 /var/www/html/CVEN/app/Models/SiteReservationModel.php(15): CodeIgniter\Database\Postgre\Connection->connect()
#1 /var/www/html/CVEN/app/Controllers/Connexion.php(44): App\Models\SiteReservationModel->__construct()
#2 /var/www/html/CVEN/app/Controllers/Connexion.php(39): App\Controllers\Connexion->verifyLoginPassword()
#3 /var/www/html/CVEN/system/CodeIgniter.php(914): App\Controllers\Connexion->index()
#4 /var/www/html/CVEN/system/CodeIgniter.php(400): CodeIgniter\CodeIgniter->runController()
#5 /var/www/html/CVEN/system/CodeIgniter.php(308): CodeIgniter\CodeIgniter->handleRequest()
#6 /var/www/html/CVEN/public/index.php(45): CodeIgniter\CodeIgniter->run()
#7 {main}
CRITICAL - 2020-11-27 15:50:32 --> session_regenerate_id(): Cannot regenerate session id - session is not active
#0 [internal function]: CodeIgniter\Debug\Exceptions->errorHandler()
#1 /var/www/html/CVEN/system/Session/Session.php(285): session_regenerate_id()
#2 /var/www/html/CVEN/app/Controllers/Session.php(31): CodeIgniter\Session\Session->stop()
#3 /var/www/html/CVEN/app/Controllers/Session.php(39): App\Controllers\Session::destructSession()
#4 /var/www/html/CVEN/app/Controllers/BookForm.php(14): App\Controllers\Session::verifySession()
#5 /var/www/html/CVEN/system/CodeIgniter.php(914): App\Controllers\BookForm->index()
#6 /var/www/html/CVEN/system/CodeIgniter.php(400): CodeIgniter\CodeIgniter->runController()
#7 /var/www/html/CVEN/system/CodeIgniter.php(308): CodeIgniter\CodeIgniter->handleRequest()
#8 /var/www/html/CVEN/public/index.php(45): CodeIgniter\CodeIgniter->run()
#9 {main}
CRITICAL - 2020-11-27 15:50:35 --> session_regenerate_id(): Cannot regenerate session id - session is not active
#0 [internal function]: CodeIgniter\Debug\Exceptions->errorHandler()
#1 /var/www/html/CVEN/system/Session/Session.php(285): session_regenerate_id()
#2 /var/www/html/CVEN/app/Controllers/Session.php(31): CodeIgniter\Session\Session->stop()
#3 /var/www/html/CVEN/app/Controllers/Session.php(39): App\Controllers\Session::destructSession()
#4 /var/www/html/CVEN/app/Controllers/BookForm.php(14): App\Controllers\Session::verifySession()
#5 /var/www/html/CVEN/system/CodeIgniter.php(914): App\Controllers\BookForm->index()
#6 /var/www/html/CVEN/system/CodeIgniter.php(400): CodeIgniter\CodeIgniter->runController()
#7 /var/www/html/CVEN/system/CodeIgniter.php(308): CodeIgniter\CodeIgniter->handleRequest()
#8 /var/www/html/CVEN/public/index.php(45): CodeIgniter\CodeIgniter->run()
#9 {main}
CRITICAL - 2020-11-27 15:53:33 --> session_regenerate_id(): Cannot regenerate session id - session is not active
#0 [internal function]: CodeIgniter\Debug\Exceptions->errorHandler()
#1 /var/www/html/CVEN/system/Session/Session.php(285): session_regenerate_id()
#2 /var/www/html/CVEN/app/Controllers/Session.php(31): CodeIgniter\Session\Session->stop()
#3 /var/www/html/CVEN/app/Controllers/Session.php(39): App\Controllers\Session::destructSession()
#4 /var/www/html/CVEN/app/Controllers/BookForm.php(14): App\Controllers\Session::verifySession()
#5 /var/www/html/CVEN/system/CodeIgniter.php(914): App\Controllers\BookForm->index()
#6 /var/www/html/CVEN/system/CodeIgniter.php(400): CodeIgniter\CodeIgniter->runController()
#7 /var/www/html/CVEN/system/CodeIgniter.php(308): CodeIgniter\CodeIgniter->handleRequest()
#8 /var/www/html/CVEN/public/index.php(45): CodeIgniter\CodeIgniter->run()
#9 {main}
