CRITICAL - 2020-11-28 11:25:32 --> session_regenerate_id(): Cannot regenerate session id - session is not active
#0 [internal function]: CodeIgniter\Debug\Exceptions->errorHandler()
#1 /var/www/html/CVEN/system/Session/Session.php(285): session_regenerate_id()
#2 /var/www/html/CVEN/app/Controllers/Session.php(31): CodeIgniter\Session\Session->stop()
#3 /var/www/html/CVEN/app/Controllers/Session.php(39): App\Controllers\Session::destructSession()
#4 /var/www/html/CVEN/app/Controllers/BookForm.php(14): App\Controllers\Session::verifySession()
#5 /var/www/html/CVEN/system/CodeIgniter.php(914): App\Controllers\BookForm->index()
#6 /var/www/html/CVEN/system/CodeIgniter.php(400): CodeIgniter\CodeIgniter->runController()
#7 /var/www/html/CVEN/system/CodeIgniter.php(308): CodeIgniter\CodeIgniter->handleRequest()
#8 /var/www/html/CVEN/public/index.php(45): CodeIgniter\CodeIgniter->run()
#9 {main}
CRITICAL - 2020-11-28 11:25:58 --> session_regenerate_id(): Cannot regenerate session id - session is not active
#0 [internal function]: CodeIgniter\Debug\Exceptions->errorHandler()
#1 /var/www/html/CVEN/system/Session/Session.php(285): session_regenerate_id()
#2 /var/www/html/CVEN/app/Controllers/Session.php(31): CodeIgniter\Session\Session->stop()
#3 /var/www/html/CVEN/app/Controllers/Session.php(39): App\Controllers\Session::destructSession()
#4 /var/www/html/CVEN/app/Controllers/BookForm.php(14): App\Controllers\Session::verifySession()
#5 /var/www/html/CVEN/system/CodeIgniter.php(914): App\Controllers\BookForm->index()
#6 /var/www/html/CVEN/system/CodeIgniter.php(400): CodeIgniter\CodeIgniter->runController()
#7 /var/www/html/CVEN/system/CodeIgniter.php(308): CodeIgniter\CodeIgniter->handleRequest()
#8 /var/www/html/CVEN/public/index.php(45): CodeIgniter\CodeIgniter->run()
#9 {main}
CRITICAL - 2020-11-28 17:25:59 --> syntax error, unexpected '}', expecting ';' or ','
#0 /var/www/html/CVEN/system/Router/Router.php(192): CodeIgniter\Router\Router->autoRoute()
#1 /var/www/html/CVEN/system/CodeIgniter.php(789): CodeIgniter\Router\Router->handle()
#2 /var/www/html/CVEN/system/CodeIgniter.php(360): CodeIgniter\CodeIgniter->tryToRouteIt()
#3 /var/www/html/CVEN/system/CodeIgniter.php(308): CodeIgniter\CodeIgniter->handleRequest()
#4 /var/www/html/CVEN/public/index.php(45): CodeIgniter\CodeIgniter->run()
#5 {main}
CRITICAL - 2020-11-28 17:51:25 --> Call to undefined function form_open()
#0 /var/www/html/CVEN/system/View/View.php(246): include()
#1 /var/www/html/CVEN/system/Common.php(1087): CodeIgniter\View\View->render()
#2 /var/www/html/CVEN/app/Controllers/PageAdmin.php(30): view()
#3 /var/www/html/CVEN/system/CodeIgniter.php(914): App\Controllers\PageAdmin->index()
#4 /var/www/html/CVEN/system/CodeIgniter.php(400): CodeIgniter\CodeIgniter->runController()
#5 /var/www/html/CVEN/system/CodeIgniter.php(308): CodeIgniter\CodeIgniter->handleRequest()
#6 /var/www/html/CVEN/public/index.php(45): CodeIgniter\CodeIgniter->run()
#7 {main}
CRITICAL - 2020-11-28 17:51:32 --> Call to undefined function form_open()
#0 /var/www/html/CVEN/system/View/View.php(246): include()
#1 /var/www/html/CVEN/system/Common.php(1087): CodeIgniter\View\View->render()
#2 /var/www/html/CVEN/app/Controllers/PageAdmin.php(30): view()
#3 /var/www/html/CVEN/system/CodeIgniter.php(914): App\Controllers\PageAdmin->index()
#4 /var/www/html/CVEN/system/CodeIgniter.php(400): CodeIgniter\CodeIgniter->runController()
#5 /var/www/html/CVEN/system/CodeIgniter.php(308): CodeIgniter\CodeIgniter->handleRequest()
#6 /var/www/html/CVEN/public/index.php(45): CodeIgniter\CodeIgniter->run()
#7 {main}
CRITICAL - 2020-11-28 17:51:32 --> Call to undefined function form_open()
#0 /var/www/html/CVEN/system/View/View.php(246): include()
#1 /var/www/html/CVEN/system/Common.php(1087): CodeIgniter\View\View->render()
#2 /var/www/html/CVEN/app/Controllers/PageAdmin.php(30): view()
#3 /var/www/html/CVEN/system/CodeIgniter.php(914): App\Controllers\PageAdmin->index()
#4 /var/www/html/CVEN/system/CodeIgniter.php(400): CodeIgniter\CodeIgniter->runController()
#5 /var/www/html/CVEN/system/CodeIgniter.php(308): CodeIgniter\CodeIgniter->handleRequest()
#6 /var/www/html/CVEN/public/index.php(45): CodeIgniter\CodeIgniter->run()
#7 {main}
CRITICAL - 2020-11-28 17:51:32 --> Call to undefined function form_open()
#0 /var/www/html/CVEN/system/View/View.php(246): include()
#1 /var/www/html/CVEN/system/Common.php(1087): CodeIgniter\View\View->render()
#2 /var/www/html/CVEN/app/Controllers/PageAdmin.php(30): view()
#3 /var/www/html/CVEN/system/CodeIgniter.php(914): App\Controllers\PageAdmin->index()
#4 /var/www/html/CVEN/system/CodeIgniter.php(400): CodeIgniter\CodeIgniter->runController()
#5 /var/www/html/CVEN/system/CodeIgniter.php(308): CodeIgniter\CodeIgniter->handleRequest()
#6 /var/www/html/CVEN/public/index.php(45): CodeIgniter\CodeIgniter->run()
#7 {main}
CRITICAL - 2020-11-28 18:09:30 --> Call to undefined function form_open()
#0 /var/www/html/CVEN/system/View/View.php(246): include()
#1 /var/www/html/CVEN/system/Common.php(1087): CodeIgniter\View\View->render()
#2 /var/www/html/CVEN/app/Controllers/PageAdmin.php(31): view()
#3 /var/www/html/CVEN/system/CodeIgniter.php(914): App\Controllers\PageAdmin->index()
#4 /var/www/html/CVEN/system/CodeIgniter.php(400): CodeIgniter\CodeIgniter->runController()
#5 /var/www/html/CVEN/system/CodeIgniter.php(308): CodeIgniter\CodeIgniter->handleRequest()
#6 /var/www/html/CVEN/public/index.php(45): CodeIgniter\CodeIgniter->run()
#7 {main}
CRITICAL - 2020-11-28 18:13:46 --> Call to undefined function form_open()
#0 /var/www/html/CVEN/system/View/View.php(246): include()
#1 /var/www/html/CVEN/system/Common.php(1087): CodeIgniter\View\View->render()
#2 /var/www/html/CVEN/app/Controllers/PageAdmin.php(31): view()
#3 /var/www/html/CVEN/system/CodeIgniter.php(914): App\Controllers\PageAdmin->index()
#4 /var/www/html/CVEN/system/CodeIgniter.php(400): CodeIgniter\CodeIgniter->runController()
#5 /var/www/html/CVEN/system/CodeIgniter.php(308): CodeIgniter\CodeIgniter->handleRequest()
#6 /var/www/html/CVEN/public/index.php(45): CodeIgniter\CodeIgniter->run()
#7 {main}
CRITICAL - 2020-11-28 18:42:13 --> Call to undefined function form_open()
#0 /var/www/html/CVEN/system/View/View.php(246): include()
#1 /var/www/html/CVEN/system/Common.php(1087): CodeIgniter\View\View->render()
#2 /var/www/html/CVEN/app/Controllers/PageAdmin.php(31): view()
#3 /var/www/html/CVEN/system/CodeIgniter.php(914): App\Controllers\PageAdmin->index()
#4 /var/www/html/CVEN/system/CodeIgniter.php(400): CodeIgniter\CodeIgniter->runController()
#5 /var/www/html/CVEN/system/CodeIgniter.php(308): CodeIgniter\CodeIgniter->handleRequest()
#6 /var/www/html/CVEN/public/index.php(45): CodeIgniter\CodeIgniter->run()
#7 {main}
CRITICAL - 2020-11-28 18:42:16 --> Call to undefined function form_open()
#0 /var/www/html/CVEN/system/View/View.php(246): include()
#1 /var/www/html/CVEN/system/Common.php(1087): CodeIgniter\View\View->render()
#2 /var/www/html/CVEN/app/Controllers/PageAdmin.php(31): view()
#3 /var/www/html/CVEN/system/CodeIgniter.php(914): App\Controllers\PageAdmin->index()
#4 /var/www/html/CVEN/system/CodeIgniter.php(400): CodeIgniter\CodeIgniter->runController()
#5 /var/www/html/CVEN/system/CodeIgniter.php(308): CodeIgniter\CodeIgniter->handleRequest()
#6 /var/www/html/CVEN/public/index.php(45): CodeIgniter\CodeIgniter->run()
#7 {main}
