CRITICAL - 2020-11-29 06:21:13 --> Invalid file: .php
#0 /var/www/html/CVEN/system/View/View.php(228): CodeIgniter\Exceptions\FrameworkException::forInvalidFile()
#1 /var/www/html/CVEN/system/Common.php(1087): CodeIgniter\View\View->render()
#2 /var/www/html/CVEN/app/Controllers/Home.php(7): view()
#3 /var/www/html/CVEN/system/CodeIgniter.php(914): App\Controllers\Home->index()
#4 /var/www/html/CVEN/system/CodeIgniter.php(400): CodeIgniter\CodeIgniter->runController()
#5 /var/www/html/CVEN/system/CodeIgniter.php(308): CodeIgniter\CodeIgniter->handleRequest()
#6 /var/www/html/CVEN/public/index.php(45): CodeIgniter\CodeIgniter->run()
#7 {main}
CRITICAL - 2020-11-29 06:22:02 --> Argument 2 passed to view() must be of the type array, string given, called in /var/www/html/CVEN/app/Controllers/Home.php on line 7
#0 /var/www/html/CVEN/app/Controllers/Home.php(7): view()
#1 /var/www/html/CVEN/system/CodeIgniter.php(914): App\Controllers\Home->index()
#2 /var/www/html/CVEN/system/CodeIgniter.php(400): CodeIgniter\CodeIgniter->runController()
#3 /var/www/html/CVEN/system/CodeIgniter.php(308): CodeIgniter\CodeIgniter->handleRequest()
#4 /var/www/html/CVEN/public/index.php(45): CodeIgniter\CodeIgniter->run()
#5 {main}
CRITICAL - 2020-11-29 06:24:34 --> syntax error, unexpected 'function' (T_FUNCTION), expecting variable (T_VARIABLE)
#0 /var/www/html/CVEN/system/Autoloader/Autoloader.php(296): CodeIgniter\Autoloader\Autoloader->requireFile()
#1 /var/www/html/CVEN/system/Autoloader/Autoloader.php(258): CodeIgniter\Autoloader\Autoloader->loadInNamespace()
#2 [internal function]: CodeIgniter\Autoloader\Autoloader->loadClass()
#3 [internal function]: spl_autoload_call()
#4 /var/www/html/CVEN/system/CodeIgniter.php(865): class_exists()
#5 /var/www/html/CVEN/system/CodeIgniter.php(390): CodeIgniter\CodeIgniter->startController()
#6 /var/www/html/CVEN/system/CodeIgniter.php(308): CodeIgniter\CodeIgniter->handleRequest()
#7 /var/www/html/CVEN/public/index.php(45): CodeIgniter\CodeIgniter->run()
#8 {main}
CRITICAL - 2020-11-29 08:46:18 --> Call to undefined function form_open()
#0 /var/www/html/CVEN/system/View/View.php(246): include()
#1 /var/www/html/CVEN/system/Common.php(1087): CodeIgniter\View\View->render()
#2 /var/www/html/CVEN/app/Controllers/PageAdmin.php(31): view()
#3 /var/www/html/CVEN/system/CodeIgniter.php(914): App\Controllers\PageAdmin->index()
#4 /var/www/html/CVEN/system/CodeIgniter.php(400): CodeIgniter\CodeIgniter->runController()
#5 /var/www/html/CVEN/system/CodeIgniter.php(308): CodeIgniter\CodeIgniter->handleRequest()
#6 /var/www/html/CVEN/public/index.php(45): CodeIgniter\CodeIgniter->run()
#7 {main}
CRITICAL - 2020-11-29 08:47:50 --> Undefined variable: Lesreservations
#0 /var/www/html/CVEN/app/Views/form/pageadmin.php(17): CodeIgniter\Debug\Exceptions->errorHandler()
#1 /var/www/html/CVEN/system/View/View.php(246): include('/var/www/html/C...')
#2 /var/www/html/CVEN/system/Common.php(1087): CodeIgniter\View\View->render()
#3 /var/www/html/CVEN/app/Controllers/PageAdmin.php(31): view()
#4 /var/www/html/CVEN/system/CodeIgniter.php(914): App\Controllers\PageAdmin->index()
#5 /var/www/html/CVEN/system/CodeIgniter.php(400): CodeIgniter\CodeIgniter->runController()
#6 /var/www/html/CVEN/system/CodeIgniter.php(308): CodeIgniter\CodeIgniter->handleRequest()
#7 /var/www/html/CVEN/public/index.php(45): CodeIgniter\CodeIgniter->run()
#8 {main}
CRITICAL - 2020-11-29 08:58:09 --> CodeIgniter\View\View::main(): Failed opening required 'app/Database.php' (include_path='.:/usr/share/php')
#0 [internal function]: CodeIgniter\Debug\Exceptions->shutdownHandler()
#1 {main}
CRITICAL - 2020-11-29 08:59:33 --> Call to undefined function form_open()
#0 /var/www/html/CVEN/system/View/View.php(246): include()
#1 /var/www/html/CVEN/system/Common.php(1087): CodeIgniter\View\View->render()
#2 /var/www/html/CVEN/app/Controllers/PageAdmin.php(31): view()
#3 /var/www/html/CVEN/system/CodeIgniter.php(914): App\Controllers\PageAdmin->index()
#4 /var/www/html/CVEN/system/CodeIgniter.php(400): CodeIgniter\CodeIgniter->runController()
#5 /var/www/html/CVEN/system/CodeIgniter.php(308): CodeIgniter\CodeIgniter->handleRequest()
#6 /var/www/html/CVEN/public/index.php(45): CodeIgniter\CodeIgniter->run()
#7 {main}
CRITICAL - 2020-11-29 09:00:41 --> Call to undefined function form_open()
#0 /var/www/html/CVEN/system/View/View.php(246): include()
#1 /var/www/html/CVEN/system/Common.php(1087): CodeIgniter\View\View->render()
#2 /var/www/html/CVEN/app/Controllers/PageAdmin.php(31): view()
#3 /var/www/html/CVEN/system/CodeIgniter.php(914): App\Controllers\PageAdmin->index()
#4 /var/www/html/CVEN/system/CodeIgniter.php(400): CodeIgniter\CodeIgniter->runController()
#5 /var/www/html/CVEN/system/CodeIgniter.php(308): CodeIgniter\CodeIgniter->handleRequest()
#6 /var/www/html/CVEN/public/index.php(45): CodeIgniter\CodeIgniter->run()
#7 {main}
CRITICAL - 2020-11-29 09:02:10 --> Undefined variable: Lesreservations
#0 /var/www/html/CVEN/app/Views/form/pageadmin.php(16): CodeIgniter\Debug\Exceptions->errorHandler()
#1 /var/www/html/CVEN/system/View/View.php(246): include('/var/www/html/C...')
#2 /var/www/html/CVEN/system/Common.php(1087): CodeIgniter\View\View->render()
#3 /var/www/html/CVEN/app/Controllers/PageAdmin.php(31): view()
#4 /var/www/html/CVEN/system/CodeIgniter.php(914): App\Controllers\PageAdmin->index()
#5 /var/www/html/CVEN/system/CodeIgniter.php(400): CodeIgniter\CodeIgniter->runController()
#6 /var/www/html/CVEN/system/CodeIgniter.php(308): CodeIgniter\CodeIgniter->handleRequest()
#7 /var/www/html/CVEN/public/index.php(45): CodeIgniter\CodeIgniter->run()
#8 {main}
CRITICAL - 2020-11-29 09:05:03 --> Undefined variable: Lesreservations
#0 /var/www/html/CVEN/app/Views/form/pageadmin.php(16): CodeIgniter\Debug\Exceptions->errorHandler()
#1 /var/www/html/CVEN/system/View/View.php(246): include('/var/www/html/C...')
#2 /var/www/html/CVEN/system/Common.php(1087): CodeIgniter\View\View->render()
#3 /var/www/html/CVEN/app/Controllers/PageAdmin.php(31): view()
#4 /var/www/html/CVEN/system/CodeIgniter.php(914): App\Controllers\PageAdmin->index()
#5 /var/www/html/CVEN/system/CodeIgniter.php(400): CodeIgniter\CodeIgniter->runController()
#6 /var/www/html/CVEN/system/CodeIgniter.php(308): CodeIgniter\CodeIgniter->handleRequest()
#7 /var/www/html/CVEN/public/index.php(45): CodeIgniter\CodeIgniter->run()
#8 {main}
CRITICAL - 2020-11-29 09:05:06 --> Undefined variable: Lesreservations
#0 /var/www/html/CVEN/app/Views/form/pageadmin.php(16): CodeIgniter\Debug\Exceptions->errorHandler()
#1 /var/www/html/CVEN/system/View/View.php(246): include('/var/www/html/C...')
#2 /var/www/html/CVEN/system/Common.php(1087): CodeIgniter\View\View->render()
#3 /var/www/html/CVEN/app/Controllers/PageAdmin.php(31): view()
#4 /var/www/html/CVEN/system/CodeIgniter.php(914): App\Controllers\PageAdmin->index()
#5 /var/www/html/CVEN/system/CodeIgniter.php(400): CodeIgniter\CodeIgniter->runController()
#6 /var/www/html/CVEN/system/CodeIgniter.php(308): CodeIgniter\CodeIgniter->handleRequest()
#7 /var/www/html/CVEN/public/index.php(45): CodeIgniter\CodeIgniter->run()
#8 {main}
CRITICAL - 2020-11-29 09:05:08 --> Undefined variable: Lesreservations
#0 /var/www/html/CVEN/app/Views/form/pageadmin.php(16): CodeIgniter\Debug\Exceptions->errorHandler()
#1 /var/www/html/CVEN/system/View/View.php(246): include('/var/www/html/C...')
#2 /var/www/html/CVEN/system/Common.php(1087): CodeIgniter\View\View->render()
#3 /var/www/html/CVEN/app/Controllers/PageAdmin.php(31): view()
#4 /var/www/html/CVEN/system/CodeIgniter.php(914): App\Controllers\PageAdmin->index()
#5 /var/www/html/CVEN/system/CodeIgniter.php(400): CodeIgniter\CodeIgniter->runController()
#6 /var/www/html/CVEN/system/CodeIgniter.php(308): CodeIgniter\CodeIgniter->handleRequest()
#7 /var/www/html/CVEN/public/index.php(45): CodeIgniter\CodeIgniter->run()
#8 {main}
CRITICAL - 2020-11-29 09:26:28 --> Undefined variable: Lesreservations
#0 /var/www/html/CVEN/app/Views/form/pageadmin.php(16): CodeIgniter\Debug\Exceptions->errorHandler()
#1 /var/www/html/CVEN/system/View/View.php(246): include('/var/www/html/C...')
#2 /var/www/html/CVEN/system/Common.php(1087): CodeIgniter\View\View->render()
#3 /var/www/html/CVEN/app/Controllers/PageAdmin.php(31): view()
#4 /var/www/html/CVEN/system/CodeIgniter.php(914): App\Controllers\PageAdmin->index()
#5 /var/www/html/CVEN/system/CodeIgniter.php(400): CodeIgniter\CodeIgniter->runController()
#6 /var/www/html/CVEN/system/CodeIgniter.php(308): CodeIgniter\CodeIgniter->handleRequest()
#7 /var/www/html/CVEN/public/index.php(45): CodeIgniter\CodeIgniter->run()
#8 {main}
CRITICAL - 2020-11-29 13:55:28 --> Undefined variable: Lesreservations
#0 /var/www/html/CVEN/app/Views/form/pageadmin.php(30): CodeIgniter\Debug\Exceptions->errorHandler()
#1 /var/www/html/CVEN/system/View/View.php(246): include('/var/www/html/C...')
#2 /var/www/html/CVEN/system/Common.php(1087): CodeIgniter\View\View->render()
#3 /var/www/html/CVEN/app/Controllers/PageAdmin.php(31): view()
#4 /var/www/html/CVEN/system/CodeIgniter.php(914): App\Controllers\PageAdmin->index()
#5 /var/www/html/CVEN/system/CodeIgniter.php(400): CodeIgniter\CodeIgniter->runController()
#6 /var/www/html/CVEN/system/CodeIgniter.php(308): CodeIgniter\CodeIgniter->handleRequest()
#7 /var/www/html/CVEN/public/index.php(45): CodeIgniter\CodeIgniter->run()
#8 {main}
CRITICAL - 2020-11-29 13:56:11 --> Undefined variable: Lesreservations
#0 /var/www/html/CVEN/app/Views/form/pageadmin.php(30): CodeIgniter\Debug\Exceptions->errorHandler()
#1 /var/www/html/CVEN/system/View/View.php(246): include('/var/www/html/C...')
#2 /var/www/html/CVEN/system/Common.php(1087): CodeIgniter\View\View->render()
#3 /var/www/html/CVEN/app/Controllers/PageAdmin.php(31): view()
#4 /var/www/html/CVEN/system/CodeIgniter.php(914): App\Controllers\PageAdmin->index()
#5 /var/www/html/CVEN/system/CodeIgniter.php(400): CodeIgniter\CodeIgniter->runController()
#6 /var/www/html/CVEN/system/CodeIgniter.php(308): CodeIgniter\CodeIgniter->handleRequest()
#7 /var/www/html/CVEN/public/index.php(45): CodeIgniter\CodeIgniter->run()
#8 {main}
CRITICAL - 2020-11-29 13:56:44 --> Undefined variable: Lesreservations
#0 /var/www/html/CVEN/app/Views/form/pageadmin.php(30): CodeIgniter\Debug\Exceptions->errorHandler()
#1 /var/www/html/CVEN/system/View/View.php(246): include('/var/www/html/C...')
#2 /var/www/html/CVEN/system/Common.php(1087): CodeIgniter\View\View->render()
#3 /var/www/html/CVEN/app/Controllers/PageAdmin.php(31): view()
#4 /var/www/html/CVEN/system/CodeIgniter.php(914): App\Controllers\PageAdmin->index()
#5 /var/www/html/CVEN/system/CodeIgniter.php(400): CodeIgniter\CodeIgniter->runController()
#6 /var/www/html/CVEN/system/CodeIgniter.php(308): CodeIgniter\CodeIgniter->handleRequest()
#7 /var/www/html/CVEN/public/index.php(45): CodeIgniter\CodeIgniter->run()
#8 {main}
CRITICAL - 2020-11-29 13:56:45 --> Undefined variable: Lesreservations
#0 /var/www/html/CVEN/app/Views/form/pageadmin.php(30): CodeIgniter\Debug\Exceptions->errorHandler()
#1 /var/www/html/CVEN/system/View/View.php(246): include('/var/www/html/C...')
#2 /var/www/html/CVEN/system/Common.php(1087): CodeIgniter\View\View->render()
#3 /var/www/html/CVEN/app/Controllers/PageAdmin.php(31): view()
#4 /var/www/html/CVEN/system/CodeIgniter.php(914): App\Controllers\PageAdmin->index()
#5 /var/www/html/CVEN/system/CodeIgniter.php(400): CodeIgniter\CodeIgniter->runController()
#6 /var/www/html/CVEN/system/CodeIgniter.php(308): CodeIgniter\CodeIgniter->handleRequest()
#7 /var/www/html/CVEN/public/index.php(45): CodeIgniter\CodeIgniter->run()
#8 {main}
CRITICAL - 2020-11-29 14:12:22 --> Call to undefined method CodeIgniter\View\View::getReserve()
#0 /var/www/html/CVEN/system/View/View.php(246): include()
#1 /var/www/html/CVEN/system/Common.php(1087): CodeIgniter\View\View->render()
#2 /var/www/html/CVEN/app/Controllers/PageAdmin.php(38): view()
#3 /var/www/html/CVEN/system/CodeIgniter.php(914): App\Controllers\PageAdmin->index()
#4 /var/www/html/CVEN/system/CodeIgniter.php(400): CodeIgniter\CodeIgniter->runController()
#5 /var/www/html/CVEN/system/CodeIgniter.php(308): CodeIgniter\CodeIgniter->handleRequest()
#6 /var/www/html/CVEN/public/index.php(45): CodeIgniter\CodeIgniter->run()
#7 {main}
CRITICAL - 2020-11-29 14:13:20 --> Object of class CodeIgniter\View\View could not be converted to string
#0 /var/www/html/CVEN/system/View/View.php(246): include()
#1 /var/www/html/CVEN/system/Common.php(1087): CodeIgniter\View\View->render()
#2 /var/www/html/CVEN/app/Controllers/PageAdmin.php(38): view()
#3 /var/www/html/CVEN/system/CodeIgniter.php(914): App\Controllers\PageAdmin->index()
#4 /var/www/html/CVEN/system/CodeIgniter.php(400): CodeIgniter\CodeIgniter->runController()
#5 /var/www/html/CVEN/system/CodeIgniter.php(308): CodeIgniter\CodeIgniter->handleRequest()
#6 /var/www/html/CVEN/public/index.php(45): CodeIgniter\CodeIgniter->run()
#7 {main}
CRITICAL - 2020-11-29 14:14:10 --> Undefined variable: db
#0 /var/www/html/CVEN/app/Views/form/pageadmin.php(28): CodeIgniter\Debug\Exceptions->errorHandler()
#1 /var/www/html/CVEN/system/View/View.php(246): include('/var/www/html/C...')
#2 /var/www/html/CVEN/system/Common.php(1087): CodeIgniter\View\View->render()
#3 /var/www/html/CVEN/app/Controllers/PageAdmin.php(38): view()
#4 /var/www/html/CVEN/system/CodeIgniter.php(914): App\Controllers\PageAdmin->index()
#5 /var/www/html/CVEN/system/CodeIgniter.php(400): CodeIgniter\CodeIgniter->runController()
#6 /var/www/html/CVEN/system/CodeIgniter.php(308): CodeIgniter\CodeIgniter->handleRequest()
#7 /var/www/html/CVEN/public/index.php(45): CodeIgniter\CodeIgniter->run()
#8 {main}
CRITICAL - 2020-11-29 14:33:06 --> Undefined variable: Lesreservations
#0 /var/www/html/CVEN/app/Views/form/pageadmin.php(33): CodeIgniter\Debug\Exceptions->errorHandler()
#1 /var/www/html/CVEN/system/View/View.php(246): include('/var/www/html/C...')
#2 /var/www/html/CVEN/system/Common.php(1087): CodeIgniter\View\View->render()
#3 /var/www/html/CVEN/app/Controllers/PageAdmin.php(38): view()
#4 /var/www/html/CVEN/system/CodeIgniter.php(914): App\Controllers\PageAdmin->index()
#5 /var/www/html/CVEN/system/CodeIgniter.php(400): CodeIgniter\CodeIgniter->runController()
#6 /var/www/html/CVEN/system/CodeIgniter.php(308): CodeIgniter\CodeIgniter->handleRequest()
#7 /var/www/html/CVEN/public/index.php(45): CodeIgniter\CodeIgniter->run()
#8 {main}
CRITICAL - 2020-11-29 14:33:07 --> Undefined variable: Lesreservations
#0 /var/www/html/CVEN/app/Views/form/pageadmin.php(33): CodeIgniter\Debug\Exceptions->errorHandler()
#1 /var/www/html/CVEN/system/View/View.php(246): include('/var/www/html/C...')
#2 /var/www/html/CVEN/system/Common.php(1087): CodeIgniter\View\View->render()
#3 /var/www/html/CVEN/app/Controllers/PageAdmin.php(38): view()
#4 /var/www/html/CVEN/system/CodeIgniter.php(914): App\Controllers\PageAdmin->index()
#5 /var/www/html/CVEN/system/CodeIgniter.php(400): CodeIgniter\CodeIgniter->runController()
#6 /var/www/html/CVEN/system/CodeIgniter.php(308): CodeIgniter\CodeIgniter->handleRequest()
#7 /var/www/html/CVEN/public/index.php(45): CodeIgniter\CodeIgniter->run()
#8 {main}
CRITICAL - 2020-11-29 14:37:32 --> Class 'App\Controllers\PDO' not found
#0 /var/www/html/CVEN/system/CodeIgniter.php(914): App\Controllers\PageAdmin->index()
#1 /var/www/html/CVEN/system/CodeIgniter.php(400): CodeIgniter\CodeIgniter->runController()
#2 /var/www/html/CVEN/system/CodeIgniter.php(308): CodeIgniter\CodeIgniter->handleRequest()
#3 /var/www/html/CVEN/public/index.php(45): CodeIgniter\CodeIgniter->run()
#4 {main}
CRITICAL - 2020-11-29 14:37:36 --> Class 'App\Controllers\PDO' not found
#0 /var/www/html/CVEN/system/CodeIgniter.php(914): App\Controllers\PageAdmin->index()
#1 /var/www/html/CVEN/system/CodeIgniter.php(400): CodeIgniter\CodeIgniter->runController()
#2 /var/www/html/CVEN/system/CodeIgniter.php(308): CodeIgniter\CodeIgniter->handleRequest()
#3 /var/www/html/CVEN/public/index.php(45): CodeIgniter\CodeIgniter->run()
#4 {main}
CRITICAL - 2020-11-29 14:37:57 --> Call to undefined method CodeIgniter\View\View::getReserve()
#0 /var/www/html/CVEN/system/View/View.php(246): include()
#1 /var/www/html/CVEN/system/Common.php(1087): CodeIgniter\View\View->render()
#2 /var/www/html/CVEN/app/Controllers/PageAdmin.php(39): view()
#3 /var/www/html/CVEN/system/CodeIgniter.php(914): App\Controllers\PageAdmin->index()
#4 /var/www/html/CVEN/system/CodeIgniter.php(400): CodeIgniter\CodeIgniter->runController()
#5 /var/www/html/CVEN/system/CodeIgniter.php(308): CodeIgniter\CodeIgniter->handleRequest()
#6 /var/www/html/CVEN/public/index.php(45): CodeIgniter\CodeIgniter->run()
#7 {main}
CRITICAL - 2020-11-29 14:38:31 --> Call to undefined method CodeIgniter\View\View::getReserve()
#0 /var/www/html/CVEN/system/View/View.php(246): include()
#1 /var/www/html/CVEN/system/Common.php(1087): CodeIgniter\View\View->render()
#2 /var/www/html/CVEN/app/Controllers/PageAdmin.php(39): view()
#3 /var/www/html/CVEN/system/CodeIgniter.php(914): App\Controllers\PageAdmin->index()
#4 /var/www/html/CVEN/system/CodeIgniter.php(400): CodeIgniter\CodeIgniter->runController()
#5 /var/www/html/CVEN/system/CodeIgniter.php(308): CodeIgniter\CodeIgniter->handleRequest()
#6 /var/www/html/CVEN/public/index.php(45): CodeIgniter\CodeIgniter->run()
#7 {main}
CRITICAL - 2020-11-29 14:42:18 --> Call to undefined method App\Controllers\PageAdmin::getReserve()
#0 /var/www/html/CVEN/system/CodeIgniter.php(914): App\Controllers\PageAdmin->index()
#1 /var/www/html/CVEN/system/CodeIgniter.php(400): CodeIgniter\CodeIgniter->runController()
#2 /var/www/html/CVEN/system/CodeIgniter.php(308): CodeIgniter\CodeIgniter->handleRequest()
#3 /var/www/html/CVEN/public/index.php(45): CodeIgniter\CodeIgniter->run()
#4 {main}
CRITICAL - 2020-11-29 14:42:18 --> Call to undefined method App\Controllers\PageAdmin::getReserve()
#0 /var/www/html/CVEN/system/CodeIgniter.php(914): App\Controllers\PageAdmin->index()
#1 /var/www/html/CVEN/system/CodeIgniter.php(400): CodeIgniter\CodeIgniter->runController()
#2 /var/www/html/CVEN/system/CodeIgniter.php(308): CodeIgniter\CodeIgniter->handleRequest()
#3 /var/www/html/CVEN/public/index.php(45): CodeIgniter\CodeIgniter->run()
#4 {main}
CRITICAL - 2020-11-29 14:42:19 --> Call to undefined method App\Controllers\PageAdmin::getReserve()
#0 /var/www/html/CVEN/system/CodeIgniter.php(914): App\Controllers\PageAdmin->index()
#1 /var/www/html/CVEN/system/CodeIgniter.php(400): CodeIgniter\CodeIgniter->runController()
#2 /var/www/html/CVEN/system/CodeIgniter.php(308): CodeIgniter\CodeIgniter->handleRequest()
#3 /var/www/html/CVEN/public/index.php(45): CodeIgniter\CodeIgniter->run()
#4 {main}
CRITICAL - 2020-11-29 14:44:09 --> Call to undefined method App\Controllers\PageAdmin::getReserve()
#0 /var/www/html/CVEN/system/CodeIgniter.php(914): App\Controllers\PageAdmin->index()
#1 /var/www/html/CVEN/system/CodeIgniter.php(400): CodeIgniter\CodeIgniter->runController()
#2 /var/www/html/CVEN/system/CodeIgniter.php(308): CodeIgniter\CodeIgniter->handleRequest()
#3 /var/www/html/CVEN/public/index.php(45): CodeIgniter\CodeIgniter->run()
#4 {main}
CRITICAL - 2020-11-29 14:44:10 --> Call to undefined method App\Controllers\PageAdmin::getReserve()
#0 /var/www/html/CVEN/system/CodeIgniter.php(914): App\Controllers\PageAdmin->index()
#1 /var/www/html/CVEN/system/CodeIgniter.php(400): CodeIgniter\CodeIgniter->runController()
#2 /var/www/html/CVEN/system/CodeIgniter.php(308): CodeIgniter\CodeIgniter->handleRequest()
#3 /var/www/html/CVEN/public/index.php(45): CodeIgniter\CodeIgniter->run()
#4 {main}
CRITICAL - 2020-11-29 14:45:14 --> Call to undefined method App\Controllers\PageAdmin::getReserve()
#0 /var/www/html/CVEN/system/CodeIgniter.php(914): App\Controllers\PageAdmin->index()
#1 /var/www/html/CVEN/system/CodeIgniter.php(400): CodeIgniter\CodeIgniter->runController()
#2 /var/www/html/CVEN/system/CodeIgniter.php(308): CodeIgniter\CodeIgniter->handleRequest()
#3 /var/www/html/CVEN/public/index.php(45): CodeIgniter\CodeIgniter->run()
#4 {main}
CRITICAL - 2020-11-29 14:48:02 --> Call to undefined method App\Controllers\PageAdmin::getReserve()
#0 /var/www/html/CVEN/system/CodeIgniter.php(914): App\Controllers\PageAdmin->index()
#1 /var/www/html/CVEN/system/CodeIgniter.php(400): CodeIgniter\CodeIgniter->runController()
#2 /var/www/html/CVEN/system/CodeIgniter.php(308): CodeIgniter\CodeIgniter->handleRequest()
#3 /var/www/html/CVEN/public/index.php(45): CodeIgniter\CodeIgniter->run()
#4 {main}
CRITICAL - 2020-11-29 14:48:16 --> Call to undefined function form_open()
#0 /var/www/html/CVEN/system/View/View.php(246): include()
#1 /var/www/html/CVEN/system/Common.php(1087): CodeIgniter\View\View->render()
#2 /var/www/html/CVEN/app/Controllers/PageAdmin.php(40): view()
#3 /var/www/html/CVEN/system/CodeIgniter.php(914): App\Controllers\PageAdmin->index()
#4 /var/www/html/CVEN/system/CodeIgniter.php(400): CodeIgniter\CodeIgniter->runController()
#5 /var/www/html/CVEN/system/CodeIgniter.php(308): CodeIgniter\CodeIgniter->handleRequest()
#6 /var/www/html/CVEN/public/index.php(45): CodeIgniter\CodeIgniter->run()
#7 {main}
CRITICAL - 2020-11-29 14:50:36 --> Call to undefined function form_open()
#0 /var/www/html/CVEN/system/View/View.php(246): include()
#1 /var/www/html/CVEN/system/Common.php(1087): CodeIgniter\View\View->render()
#2 /var/www/html/CVEN/app/Controllers/PageAdmin.php(32): view()
#3 /var/www/html/CVEN/system/CodeIgniter.php(914): App\Controllers\PageAdmin->index()
#4 /var/www/html/CVEN/system/CodeIgniter.php(400): CodeIgniter\CodeIgniter->runController()
#5 /var/www/html/CVEN/system/CodeIgniter.php(308): CodeIgniter\CodeIgniter->handleRequest()
#6 /var/www/html/CVEN/public/index.php(45): CodeIgniter\CodeIgniter->run()
#7 {main}
CRITICAL - 2020-11-29 15:10:11 --> Call to undefined function form_open()
#0 /var/www/html/CVEN/system/View/View.php(246): include()
#1 /var/www/html/CVEN/system/Common.php(1087): CodeIgniter\View\View->render()
#2 /var/www/html/CVEN/app/Controllers/PageAdmin.php(32): view()
#3 /var/www/html/CVEN/system/CodeIgniter.php(914): App\Controllers\PageAdmin->index()
#4 /var/www/html/CVEN/system/CodeIgniter.php(400): CodeIgniter\CodeIgniter->runController()
#5 /var/www/html/CVEN/system/CodeIgniter.php(308): CodeIgniter\CodeIgniter->handleRequest()
#6 /var/www/html/CVEN/public/index.php(45): CodeIgniter\CodeIgniter->run()
#7 {main}
CRITICAL - 2020-11-29 15:22:29 --> Call to undefined function form_open()
#0 /var/www/html/CVEN/system/View/View.php(246): include()
#1 /var/www/html/CVEN/system/Common.php(1087): CodeIgniter\View\View->render()
#2 /var/www/html/CVEN/app/Controllers/PageAdmin.php(32): view()
#3 /var/www/html/CVEN/system/CodeIgniter.php(914): App\Controllers\PageAdmin->index()
#4 /var/www/html/CVEN/system/CodeIgniter.php(400): CodeIgniter\CodeIgniter->runController()
#5 /var/www/html/CVEN/system/CodeIgniter.php(308): CodeIgniter\CodeIgniter->handleRequest()
#6 /var/www/html/CVEN/public/index.php(45): CodeIgniter\CodeIgniter->run()
#7 {main}
CRITICAL - 2020-11-29 15:22:31 --> Call to undefined function form_open()
#0 /var/www/html/CVEN/system/View/View.php(246): include()
#1 /var/www/html/CVEN/system/Common.php(1087): CodeIgniter\View\View->render()
#2 /var/www/html/CVEN/app/Controllers/PageAdmin.php(32): view()
#3 /var/www/html/CVEN/system/CodeIgniter.php(914): App\Controllers\PageAdmin->index()
#4 /var/www/html/CVEN/system/CodeIgniter.php(400): CodeIgniter\CodeIgniter->runController()
#5 /var/www/html/CVEN/system/CodeIgniter.php(308): CodeIgniter\CodeIgniter->handleRequest()
#6 /var/www/html/CVEN/public/index.php(45): CodeIgniter\CodeIgniter->run()
#7 {main}
CRITICAL - 2020-11-29 15:23:43 --> Call to undefined function form_button()
#0 /var/www/html/CVEN/system/View/View.php(246): include()
#1 /var/www/html/CVEN/system/Common.php(1087): CodeIgniter\View\View->render()
#2 /var/www/html/CVEN/app/Controllers/PageAdmin.php(32): view()
#3 /var/www/html/CVEN/system/CodeIgniter.php(914): App\Controllers\PageAdmin->index()
#4 /var/www/html/CVEN/system/CodeIgniter.php(400): CodeIgniter\CodeIgniter->runController()
#5 /var/www/html/CVEN/system/CodeIgniter.php(308): CodeIgniter\CodeIgniter->handleRequest()
#6 /var/www/html/CVEN/public/index.php(45): CodeIgniter\CodeIgniter->run()
#7 {main}
CRITICAL - 2020-11-29 15:30:01 --> Call to undefined function form_button()
#0 /var/www/html/CVEN/system/View/View.php(246): include()
#1 /var/www/html/CVEN/system/Common.php(1087): CodeIgniter\View\View->render()
#2 /var/www/html/CVEN/app/Controllers/PageAdmin.php(32): view()
#3 /var/www/html/CVEN/system/CodeIgniter.php(914): App\Controllers\PageAdmin->index()
#4 /var/www/html/CVEN/system/CodeIgniter.php(400): CodeIgniter\CodeIgniter->runController()
#5 /var/www/html/CVEN/system/CodeIgniter.php(308): CodeIgniter\CodeIgniter->handleRequest()
#6 /var/www/html/CVEN/public/index.php(45): CodeIgniter\CodeIgniter->run()
#7 {main}
CRITICAL - 2020-11-29 15:31:06 --> Call to undefined function form_button()
#0 /var/www/html/CVEN/system/View/View.php(246): include()
#1 /var/www/html/CVEN/system/Common.php(1087): CodeIgniter\View\View->render()
#2 /var/www/html/CVEN/app/Controllers/PageAdmin.php(32): view()
#3 /var/www/html/CVEN/system/CodeIgniter.php(914): App\Controllers\PageAdmin->index()
#4 /var/www/html/CVEN/system/CodeIgniter.php(400): CodeIgniter\CodeIgniter->runController()
#5 /var/www/html/CVEN/system/CodeIgniter.php(308): CodeIgniter\CodeIgniter->handleRequest()
#6 /var/www/html/CVEN/public/index.php(45): CodeIgniter\CodeIgniter->run()
#7 {main}
CRITICAL - 2020-11-29 15:32:04 --> Call to undefined function form_button()
#0 /var/www/html/CVEN/system/View/View.php(246): include()
#1 /var/www/html/CVEN/system/Common.php(1087): CodeIgniter\View\View->render()
#2 /var/www/html/CVEN/app/Controllers/PageAdmin.php(32): view()
#3 /var/www/html/CVEN/system/CodeIgniter.php(914): App\Controllers\PageAdmin->index()
#4 /var/www/html/CVEN/system/CodeIgniter.php(400): CodeIgniter\CodeIgniter->runController()
#5 /var/www/html/CVEN/system/CodeIgniter.php(308): CodeIgniter\CodeIgniter->handleRequest()
#6 /var/www/html/CVEN/public/index.php(45): CodeIgniter\CodeIgniter->run()
#7 {main}
CRITICAL - 2020-11-29 15:33:48 --> Undefined variable: Lesreservations
#0 /var/www/html/CVEN/app/Views/form/pageadmin.php(37): CodeIgniter\Debug\Exceptions->errorHandler()
#1 /var/www/html/CVEN/system/View/View.php(246): include('/var/www/html/C...')
#2 /var/www/html/CVEN/system/Common.php(1087): CodeIgniter\View\View->render()
#3 /var/www/html/CVEN/app/Controllers/PageAdmin.php(32): view()
#4 /var/www/html/CVEN/system/CodeIgniter.php(914): App\Controllers\PageAdmin->index()
#5 /var/www/html/CVEN/system/CodeIgniter.php(400): CodeIgniter\CodeIgniter->runController()
#6 /var/www/html/CVEN/system/CodeIgniter.php(308): CodeIgniter\CodeIgniter->handleRequest()
#7 /var/www/html/CVEN/public/index.php(45): CodeIgniter\CodeIgniter->run()
#8 {main}
CRITICAL - 2020-11-29 15:33:50 --> Undefined variable: Lesreservations
#0 /var/www/html/CVEN/app/Views/form/pageadmin.php(37): CodeIgniter\Debug\Exceptions->errorHandler()
#1 /var/www/html/CVEN/system/View/View.php(246): include('/var/www/html/C...')
#2 /var/www/html/CVEN/system/Common.php(1087): CodeIgniter\View\View->render()
#3 /var/www/html/CVEN/app/Controllers/PageAdmin.php(32): view()
#4 /var/www/html/CVEN/system/CodeIgniter.php(914): App\Controllers\PageAdmin->index()
#5 /var/www/html/CVEN/system/CodeIgniter.php(400): CodeIgniter\CodeIgniter->runController()
#6 /var/www/html/CVEN/system/CodeIgniter.php(308): CodeIgniter\CodeIgniter->handleRequest()
#7 /var/www/html/CVEN/public/index.php(45): CodeIgniter\CodeIgniter->run()
#8 {main}
CRITICAL - 2020-11-29 15:39:16 --> Undefined variable: Lesreservations
#0 /var/www/html/CVEN/app/Views/form/pageadmin.php(37): CodeIgniter\Debug\Exceptions->errorHandler()
#1 /var/www/html/CVEN/system/View/View.php(246): include('/var/www/html/C...')
#2 /var/www/html/CVEN/system/Common.php(1087): CodeIgniter\View\View->render()
#3 /var/www/html/CVEN/app/Controllers/PageAdmin.php(32): view()
#4 /var/www/html/CVEN/system/CodeIgniter.php(914): App\Controllers\PageAdmin->index()
#5 /var/www/html/CVEN/system/CodeIgniter.php(400): CodeIgniter\CodeIgniter->runController()
#6 /var/www/html/CVEN/system/CodeIgniter.php(308): CodeIgniter\CodeIgniter->handleRequest()
#7 /var/www/html/CVEN/public/index.php(45): CodeIgniter\CodeIgniter->run()
#8 {main}
CRITICAL - 2020-11-29 15:39:19 --> Undefined variable: Lesreservations
#0 /var/www/html/CVEN/app/Views/form/pageadmin.php(37): CodeIgniter\Debug\Exceptions->errorHandler()
#1 /var/www/html/CVEN/system/View/View.php(246): include('/var/www/html/C...')
#2 /var/www/html/CVEN/system/Common.php(1087): CodeIgniter\View\View->render()
#3 /var/www/html/CVEN/app/Controllers/PageAdmin.php(32): view()
#4 /var/www/html/CVEN/system/CodeIgniter.php(914): App\Controllers\PageAdmin->index()
#5 /var/www/html/CVEN/system/CodeIgniter.php(400): CodeIgniter\CodeIgniter->runController()
#6 /var/www/html/CVEN/system/CodeIgniter.php(308): CodeIgniter\CodeIgniter->handleRequest()
#7 /var/www/html/CVEN/public/index.php(45): CodeIgniter\CodeIgniter->run()
#8 {main}
CRITICAL - 2020-11-29 15:40:05 --> Call to undefined function form_button()
#0 /var/www/html/CVEN/system/View/View.php(246): include()
#1 /var/www/html/CVEN/system/Common.php(1087): CodeIgniter\View\View->render()
#2 /var/www/html/CVEN/app/Controllers/PageAdmin.php(32): view()
#3 /var/www/html/CVEN/system/CodeIgniter.php(914): App\Controllers\PageAdmin->index()
#4 /var/www/html/CVEN/system/CodeIgniter.php(400): CodeIgniter\CodeIgniter->runController()
#5 /var/www/html/CVEN/system/CodeIgniter.php(308): CodeIgniter\CodeIgniter->handleRequest()
#6 /var/www/html/CVEN/public/index.php(45): CodeIgniter\CodeIgniter->run()
#7 {main}
CRITICAL - 2020-11-29 15:46:50 --> Call to undefined function form_button()
#0 /var/www/html/CVEN/system/View/View.php(246): include()
#1 /var/www/html/CVEN/system/Common.php(1087): CodeIgniter\View\View->render()
#2 /var/www/html/CVEN/app/Controllers/PageAdmin.php(32): view()
#3 /var/www/html/CVEN/system/CodeIgniter.php(914): App\Controllers\PageAdmin->index()
#4 /var/www/html/CVEN/system/CodeIgniter.php(400): CodeIgniter\CodeIgniter->runController()
#5 /var/www/html/CVEN/system/CodeIgniter.php(308): CodeIgniter\CodeIgniter->handleRequest()
#6 /var/www/html/CVEN/public/index.php(45): CodeIgniter\CodeIgniter->run()
#7 {main}
CRITICAL - 2020-11-29 15:48:11 --> Call to undefined function form_button()
#0 /var/www/html/CVEN/system/View/View.php(246): include()
#1 /var/www/html/CVEN/system/Common.php(1087): CodeIgniter\View\View->render()
#2 /var/www/html/CVEN/app/Controllers/PageAdmin.php(32): view()
#3 /var/www/html/CVEN/system/CodeIgniter.php(914): App\Controllers\PageAdmin->index()
#4 /var/www/html/CVEN/system/CodeIgniter.php(400): CodeIgniter\CodeIgniter->runController()
#5 /var/www/html/CVEN/system/CodeIgniter.php(308): CodeIgniter\CodeIgniter->handleRequest()
#6 /var/www/html/CVEN/public/index.php(45): CodeIgniter\CodeIgniter->run()
#7 {main}
CRITICAL - 2020-11-29 15:49:26 --> Call to undefined function form_button()
#0 /var/www/html/CVEN/system/View/View.php(246): include()
#1 /var/www/html/CVEN/system/Common.php(1087): CodeIgniter\View\View->render()
#2 /var/www/html/CVEN/app/Controllers/PageAdmin.php(32): view()
#3 /var/www/html/CVEN/system/CodeIgniter.php(914): App\Controllers\PageAdmin->index()
#4 /var/www/html/CVEN/system/CodeIgniter.php(400): CodeIgniter\CodeIgniter->runController()
#5 /var/www/html/CVEN/system/CodeIgniter.php(308): CodeIgniter\CodeIgniter->handleRequest()
#6 /var/www/html/CVEN/public/index.php(45): CodeIgniter\CodeIgniter->run()
#7 {main}
CRITICAL - 2020-11-29 15:50:20 --> Call to undefined function form_button()
#0 /var/www/html/CVEN/system/View/View.php(246): include()
#1 /var/www/html/CVEN/system/Common.php(1087): CodeIgniter\View\View->render()
#2 /var/www/html/CVEN/app/Controllers/PageAdmin.php(32): view()
#3 /var/www/html/CVEN/system/CodeIgniter.php(914): App\Controllers\PageAdmin->index()
#4 /var/www/html/CVEN/system/CodeIgniter.php(400): CodeIgniter\CodeIgniter->runController()
#5 /var/www/html/CVEN/system/CodeIgniter.php(308): CodeIgniter\CodeIgniter->handleRequest()
#6 /var/www/html/CVEN/public/index.php(45): CodeIgniter\CodeIgniter->run()
#7 {main}
CRITICAL - 2020-11-29 15:55:48 --> Call to undefined function form_button()
#0 /var/www/html/CVEN/system/View/View.php(246): include()
#1 /var/www/html/CVEN/system/Common.php(1087): CodeIgniter\View\View->render()
#2 /var/www/html/CVEN/app/Controllers/PageAdmin.php(32): view()
#3 /var/www/html/CVEN/system/CodeIgniter.php(914): App\Controllers\PageAdmin->index()
#4 /var/www/html/CVEN/system/CodeIgniter.php(400): CodeIgniter\CodeIgniter->runController()
#5 /var/www/html/CVEN/system/CodeIgniter.php(308): CodeIgniter\CodeIgniter->handleRequest()
#6 /var/www/html/CVEN/public/index.php(45): CodeIgniter\CodeIgniter->run()
#7 {main}
CRITICAL - 2020-11-29 15:59:49 --> Call to undefined function form_button()
#0 /var/www/html/CVEN/system/View/View.php(246): include()
#1 /var/www/html/CVEN/system/Common.php(1087): CodeIgniter\View\View->render()
#2 /var/www/html/CVEN/app/Controllers/PageAdmin.php(32): view()
#3 /var/www/html/CVEN/system/CodeIgniter.php(914): App\Controllers\PageAdmin->index()
#4 /var/www/html/CVEN/system/CodeIgniter.php(400): CodeIgniter\CodeIgniter->runController()
#5 /var/www/html/CVEN/system/CodeIgniter.php(308): CodeIgniter\CodeIgniter->handleRequest()
#6 /var/www/html/CVEN/public/index.php(45): CodeIgniter\CodeIgniter->run()
#7 {main}
CRITICAL - 2020-11-29 16:00:19 --> Call to undefined function form_button()
#0 /var/www/html/CVEN/system/View/View.php(246): include()
#1 /var/www/html/CVEN/system/Common.php(1087): CodeIgniter\View\View->render()
#2 /var/www/html/CVEN/app/Controllers/PageAdmin.php(32): view()
#3 /var/www/html/CVEN/system/CodeIgniter.php(914): App\Controllers\PageAdmin->index()
#4 /var/www/html/CVEN/system/CodeIgniter.php(400): CodeIgniter\CodeIgniter->runController()
#5 /var/www/html/CVEN/system/CodeIgniter.php(308): CodeIgniter\CodeIgniter->handleRequest()
#6 /var/www/html/CVEN/public/index.php(45): CodeIgniter\CodeIgniter->run()
#7 {main}
CRITICAL - 2020-11-29 16:03:58 --> Call to undefined function form_button()
#0 /var/www/html/CVEN/system/View/View.php(246): include()
#1 /var/www/html/CVEN/system/Common.php(1087): CodeIgniter\View\View->render()
#2 /var/www/html/CVEN/app/Controllers/PageAdmin.php(32): view()
#3 /var/www/html/CVEN/system/CodeIgniter.php(914): App\Controllers\PageAdmin->index()
#4 /var/www/html/CVEN/system/CodeIgniter.php(400): CodeIgniter\CodeIgniter->runController()
#5 /var/www/html/CVEN/system/CodeIgniter.php(308): CodeIgniter\CodeIgniter->handleRequest()
#6 /var/www/html/CVEN/public/index.php(45): CodeIgniter\CodeIgniter->run()
#7 {main}
CRITICAL - 2020-11-29 16:05:50 --> Call to undefined function form_button()
#0 /var/www/html/CVEN/system/View/View.php(246): include()
#1 /var/www/html/CVEN/system/Common.php(1087): CodeIgniter\View\View->render()
#2 /var/www/html/CVEN/app/Controllers/PageAdmin.php(32): view()
#3 /var/www/html/CVEN/system/CodeIgniter.php(914): App\Controllers\PageAdmin->index()
#4 /var/www/html/CVEN/system/CodeIgniter.php(400): CodeIgniter\CodeIgniter->runController()
#5 /var/www/html/CVEN/system/CodeIgniter.php(308): CodeIgniter\CodeIgniter->handleRequest()
#6 /var/www/html/CVEN/public/index.php(45): CodeIgniter\CodeIgniter->run()
#7 {main}
CRITICAL - 2020-11-29 16:25:25 --> Call to undefined function form_button()
#0 /var/www/html/CVEN/system/View/View.php(246): include()
#1 /var/www/html/CVEN/system/Common.php(1087): CodeIgniter\View\View->render()
#2 /var/www/html/CVEN/app/Controllers/PageAdmin.php(32): view()
#3 /var/www/html/CVEN/system/CodeIgniter.php(914): App\Controllers\PageAdmin->index()
#4 /var/www/html/CVEN/system/CodeIgniter.php(400): CodeIgniter\CodeIgniter->runController()
#5 /var/www/html/CVEN/system/CodeIgniter.php(308): CodeIgniter\CodeIgniter->handleRequest()
#6 /var/www/html/CVEN/public/index.php(45): CodeIgniter\CodeIgniter->run()
#7 {main}
CRITICAL - 2020-11-29 16:30:59 --> syntax error, unexpected 'http' (T_STRING), expecting ';' or ','
#0 /var/www/html/CVEN/system/Common.php(1087): CodeIgniter\View\View->render()
#1 /var/www/html/CVEN/app/Controllers/PageAdmin.php(32): view()
#2 /var/www/html/CVEN/system/CodeIgniter.php(914): App\Controllers\PageAdmin->index()
#3 /var/www/html/CVEN/system/CodeIgniter.php(400): CodeIgniter\CodeIgniter->runController()
#4 /var/www/html/CVEN/system/CodeIgniter.php(308): CodeIgniter\CodeIgniter->handleRequest()
#5 /var/www/html/CVEN/public/index.php(45): CodeIgniter\CodeIgniter->run()
#6 {main}
CRITICAL - 2020-11-29 16:31:38 --> syntax error, unexpected end of file
#0 /var/www/html/CVEN/system/Common.php(1087): CodeIgniter\View\View->render()
#1 /var/www/html/CVEN/app/Controllers/PageAdmin.php(32): view()
#2 /var/www/html/CVEN/system/CodeIgniter.php(914): App\Controllers\PageAdmin->index()
#3 /var/www/html/CVEN/system/CodeIgniter.php(400): CodeIgniter\CodeIgniter->runController()
#4 /var/www/html/CVEN/system/CodeIgniter.php(308): CodeIgniter\CodeIgniter->handleRequest()
#5 /var/www/html/CVEN/public/index.php(45): CodeIgniter\CodeIgniter->run()
#6 {main}
CRITICAL - 2020-11-29 17:32:57 --> Call to undefined function form_open()
#0 /var/www/html/CVEN/system/View/View.php(246): include()
#1 /var/www/html/CVEN/system/Common.php(1087): CodeIgniter\View\View->render()
#2 /var/www/html/CVEN/app/Controllers/PageAdmin.php(32): view()
#3 /var/www/html/CVEN/system/CodeIgniter.php(914): App\Controllers\PageAdmin->index()
#4 /var/www/html/CVEN/system/CodeIgniter.php(400): CodeIgniter\CodeIgniter->runController()
#5 /var/www/html/CVEN/system/CodeIgniter.php(308): CodeIgniter\CodeIgniter->handleRequest()
#6 /var/www/html/CVEN/public/index.php(45): CodeIgniter\CodeIgniter->run()
#7 {main}
CRITICAL - 2020-11-29 17:34:42 --> Undefined variable: Lesreservations
#0 /var/www/html/CVEN/app/Views/form/pageadmin.php(39): CodeIgniter\Debug\Exceptions->errorHandler()
#1 /var/www/html/CVEN/system/View/View.php(246): include('/var/www/html/C...')
#2 /var/www/html/CVEN/system/Common.php(1087): CodeIgniter\View\View->render()
#3 /var/www/html/CVEN/app/Controllers/PageAdmin.php(33): view()
#4 /var/www/html/CVEN/system/CodeIgniter.php(914): App\Controllers\PageAdmin->index()
#5 /var/www/html/CVEN/system/CodeIgniter.php(400): CodeIgniter\CodeIgniter->runController()
#6 /var/www/html/CVEN/system/CodeIgniter.php(308): CodeIgniter\CodeIgniter->handleRequest()
#7 /var/www/html/CVEN/public/index.php(45): CodeIgniter\CodeIgniter->run()
#8 {main}
CRITICAL - 2020-11-29 17:35:03 --> Call to undefined function form_open()
#0 /var/www/html/CVEN/system/View/View.php(246): include()
#1 /var/www/html/CVEN/system/Common.php(1087): CodeIgniter\View\View->render()
#2 /var/www/html/CVEN/app/Controllers/PageAdmin.php(33): view()
#3 /var/www/html/CVEN/system/CodeIgniter.php(914): App\Controllers\PageAdmin->index()
#4 /var/www/html/CVEN/system/CodeIgniter.php(400): CodeIgniter\CodeIgniter->runController()
#5 /var/www/html/CVEN/system/CodeIgniter.php(308): CodeIgniter\CodeIgniter->handleRequest()
#6 /var/www/html/CVEN/public/index.php(45): CodeIgniter\CodeIgniter->run()
#7 {main}
CRITICAL - 2020-11-29 17:37:03 --> Undefined variable: Lesreservations
#0 /var/www/html/CVEN/app/Views/form/pageadmin.php(39): CodeIgniter\Debug\Exceptions->errorHandler()
#1 /var/www/html/CVEN/system/View/View.php(246): include('/var/www/html/C...')
#2 /var/www/html/CVEN/system/Common.php(1087): CodeIgniter\View\View->render()
#3 /var/www/html/CVEN/app/Controllers/PageAdmin.php(33): view()
#4 /var/www/html/CVEN/system/CodeIgniter.php(914): App\Controllers\PageAdmin->index()
#5 /var/www/html/CVEN/system/CodeIgniter.php(400): CodeIgniter\CodeIgniter->runController()
#6 /var/www/html/CVEN/system/CodeIgniter.php(308): CodeIgniter\CodeIgniter->handleRequest()
#7 /var/www/html/CVEN/public/index.php(45): CodeIgniter\CodeIgniter->run()
#8 {main}
CRITICAL - 2020-11-29 17:38:33 --> Undefined variable: Lesreservations
#0 /var/www/html/CVEN/app/Views/form/pageadmin.php(39): CodeIgniter\Debug\Exceptions->errorHandler()
#1 /var/www/html/CVEN/system/View/View.php(246): include('/var/www/html/C...')
#2 /var/www/html/CVEN/system/Common.php(1087): CodeIgniter\View\View->render()
#3 /var/www/html/CVEN/app/Controllers/PageAdmin.php(34): view()
#4 /var/www/html/CVEN/system/CodeIgniter.php(914): App\Controllers\PageAdmin->index()
#5 /var/www/html/CVEN/system/CodeIgniter.php(400): CodeIgniter\CodeIgniter->runController()
#6 /var/www/html/CVEN/system/CodeIgniter.php(308): CodeIgniter\CodeIgniter->handleRequest()
#7 /var/www/html/CVEN/public/index.php(45): CodeIgniter\CodeIgniter->run()
#8 {main}
CRITICAL - 2020-11-29 17:39:48 --> Undefined variable: tabReservation
#0 /var/www/html/CVEN/app/Controllers/PageAdmin.php(34): CodeIgniter\Debug\Exceptions->errorHandler()
#1 /var/www/html/CVEN/system/CodeIgniter.php(914): App\Controllers\PageAdmin->index()
#2 /var/www/html/CVEN/system/CodeIgniter.php(400): CodeIgniter\CodeIgniter->runController()
#3 /var/www/html/CVEN/system/CodeIgniter.php(308): CodeIgniter\CodeIgniter->handleRequest()
#4 /var/www/html/CVEN/public/index.php(45): CodeIgniter\CodeIgniter->run()
#5 {main}
CRITICAL - 2020-11-29 17:41:43 --> Undefined variable: Lesreservations
#0 /var/www/html/CVEN/app/Views/form/pageadmin.php(40): CodeIgniter\Debug\Exceptions->errorHandler()
#1 /var/www/html/CVEN/system/View/View.php(246): include('/var/www/html/C...')
#2 /var/www/html/CVEN/system/Common.php(1087): CodeIgniter\View\View->render()
#3 /var/www/html/CVEN/app/Controllers/PageAdmin.php(34): view()
#4 /var/www/html/CVEN/system/CodeIgniter.php(914): App\Controllers\PageAdmin->index()
#5 /var/www/html/CVEN/system/CodeIgniter.php(400): CodeIgniter\CodeIgniter->runController()
#6 /var/www/html/CVEN/system/CodeIgniter.php(308): CodeIgniter\CodeIgniter->handleRequest()
#7 /var/www/html/CVEN/public/index.php(45): CodeIgniter\CodeIgniter->run()
#8 {main}
CRITICAL - 2020-11-29 17:41:52 --> Undefined variable: Lesreservations
#0 /var/www/html/CVEN/app/Views/form/pageadmin.php(40): CodeIgniter\Debug\Exceptions->errorHandler()
#1 /var/www/html/CVEN/system/View/View.php(246): include('/var/www/html/C...')
#2 /var/www/html/CVEN/system/Common.php(1087): CodeIgniter\View\View->render()
#3 /var/www/html/CVEN/app/Controllers/PageAdmin.php(34): view()
#4 /var/www/html/CVEN/system/CodeIgniter.php(914): App\Controllers\PageAdmin->index()
#5 /var/www/html/CVEN/system/CodeIgniter.php(400): CodeIgniter\CodeIgniter->runController()
#6 /var/www/html/CVEN/system/CodeIgniter.php(308): CodeIgniter\CodeIgniter->handleRequest()
#7 /var/www/html/CVEN/public/index.php(45): CodeIgniter\CodeIgniter->run()
#8 {main}
CRITICAL - 2020-11-29 17:46:41 --> Undefined variable: Lesreservations
#0 /var/www/html/CVEN/app/Views/form/pageadmin.php(39): CodeIgniter\Debug\Exceptions->errorHandler()
#1 /var/www/html/CVEN/system/View/View.php(246): include('/var/www/html/C...')
#2 /var/www/html/CVEN/system/Common.php(1087): CodeIgniter\View\View->render()
#3 /var/www/html/CVEN/app/Controllers/PageAdmin.php(34): view()
#4 /var/www/html/CVEN/system/CodeIgniter.php(914): App\Controllers\PageAdmin->index()
#5 /var/www/html/CVEN/system/CodeIgniter.php(400): CodeIgniter\CodeIgniter->runController()
#6 /var/www/html/CVEN/system/CodeIgniter.php(308): CodeIgniter\CodeIgniter->handleRequest()
#7 /var/www/html/CVEN/public/index.php(45): CodeIgniter\CodeIgniter->run()
#8 {main}
CRITICAL - 2020-11-29 17:50:10 --> Invalid argument supplied for foreach()
#0 /var/www/html/CVEN/app/Views/form/pageadmin.php(37): CodeIgniter\Debug\Exceptions->errorHandler()
#1 /var/www/html/CVEN/system/View/View.php(246): include('/var/www/html/C...')
#2 /var/www/html/CVEN/system/Common.php(1087): CodeIgniter\View\View->render()
#3 /var/www/html/CVEN/app/Controllers/PageAdmin.php(34): view()
#4 /var/www/html/CVEN/system/CodeIgniter.php(914): App\Controllers\PageAdmin->index()
#5 /var/www/html/CVEN/system/CodeIgniter.php(400): CodeIgniter\CodeIgniter->runController()
#6 /var/www/html/CVEN/system/CodeIgniter.php(308): CodeIgniter\CodeIgniter->handleRequest()
#7 /var/www/html/CVEN/public/index.php(45): CodeIgniter\CodeIgniter->run()
#8 {main}
CRITICAL - 2020-11-29 17:50:26 --> Undefined variable: Lesreservations
#0 /var/www/html/CVEN/app/Views/form/pageadmin.php(39): CodeIgniter\Debug\Exceptions->errorHandler()
#1 /var/www/html/CVEN/system/View/View.php(246): include('/var/www/html/C...')
#2 /var/www/html/CVEN/system/Common.php(1087): CodeIgniter\View\View->render()
#3 /var/www/html/CVEN/app/Controllers/PageAdmin.php(34): view()
#4 /var/www/html/CVEN/system/CodeIgniter.php(914): App\Controllers\PageAdmin->index()
#5 /var/www/html/CVEN/system/CodeIgniter.php(400): CodeIgniter\CodeIgniter->runController()
#6 /var/www/html/CVEN/system/CodeIgniter.php(308): CodeIgniter\CodeIgniter->handleRequest()
#7 /var/www/html/CVEN/public/index.php(45): CodeIgniter\CodeIgniter->run()
#8 {main}
