CRITICAL - 2020-11-26 11:15:31 --> session_regenerate_id(): Cannot regenerate session id - session is not active
#0 [internal function]: CodeIgniter\Debug\Exceptions->errorHandler()
#1 /var/www/html/CVEN/system/Session/Session.php(285): session_regenerate_id()
#2 /var/www/html/CVEN/app/Controllers/Session.php(31): CodeIgniter\Session\Session->stop()
#3 /var/www/html/CVEN/app/Controllers/Session.php(39): App\Controllers\Session::destructSession()
#4 /var/www/html/CVEN/app/Controllers/BookForm.php(12): App\Controllers\Session::verifySession()
#5 /var/www/html/CVEN/system/CodeIgniter.php(914): App\Controllers\BookForm->index()
#6 /var/www/html/CVEN/system/CodeIgniter.php(400): CodeIgniter\CodeIgniter->runController()
#7 /var/www/html/CVEN/system/CodeIgniter.php(308): CodeIgniter\CodeIgniter->handleRequest()
#8 /var/www/html/CVEN/public/index.php(45): CodeIgniter\CodeIgniter->run()
#9 {main}
CRITICAL - 2020-11-26 14:15:33 --> No such file or directory
#0 /var/www/html/CVEN/app/Models/SiteReservationModel.php(15): CodeIgniter\Database\MySQLi\Connection->connect()
#1 /var/www/html/CVEN/app/Controllers/Connexion.php(38): App\Models\SiteReservationModel->__construct()
#2 /var/www/html/CVEN/app/Controllers/Connexion.php(33): App\Controllers\Connexion->verifyLoginPassword()
#3 /var/www/html/CVEN/system/CodeIgniter.php(914): App\Controllers\Connexion->index()
#4 /var/www/html/CVEN/system/CodeIgniter.php(400): CodeIgniter\CodeIgniter->runController()
#5 /var/www/html/CVEN/system/CodeIgniter.php(308): CodeIgniter\CodeIgniter->handleRequest()
#6 /var/www/html/CVEN/public/index.php(45): CodeIgniter\CodeIgniter->run()
#7 {main}
CRITICAL - 2020-11-26 14:21:31 --> No such file or directory
#0 /var/www/html/CVEN/app/Models/SiteReservationModel.php(15): CodeIgniter\Database\MySQLi\Connection->connect()
#1 /var/www/html/CVEN/app/Controllers/Connexion.php(38): App\Models\SiteReservationModel->__construct()
#2 /var/www/html/CVEN/app/Controllers/Connexion.php(33): App\Controllers\Connexion->verifyLoginPassword()
#3 /var/www/html/CVEN/system/CodeIgniter.php(914): App\Controllers\Connexion->index()
#4 /var/www/html/CVEN/system/CodeIgniter.php(400): CodeIgniter\CodeIgniter->runController()
#5 /var/www/html/CVEN/system/CodeIgniter.php(308): CodeIgniter\CodeIgniter->handleRequest()
#6 /var/www/html/CVEN/public/index.php(45): CodeIgniter\CodeIgniter->run()
#7 {main}
