CRITICAL - 2020-12-21 16:03:29 --> Undefined variable: infoUtilisateur
#0 /var/www/html/CVVEN/app/Views/form/modifyuser.php(19): CodeIgniter\Debug\Exceptions->errorHandler()
#1 /var/www/html/CVVEN/system/View/View.php(246): include('/var/www/html/C...')
#2 /var/www/html/CVVEN/system/Common.php(1087): CodeIgniter\View\View->render()
#3 /var/www/html/CVVEN/app/Controllers/ModifyUser.php(26): view()
#4 /var/www/html/CVVEN/system/CodeIgniter.php(914): App\Controllers\ModifyUser->index()
#5 /var/www/html/CVVEN/system/CodeIgniter.php(400): CodeIgniter\CodeIgniter->runController()
#6 /var/www/html/CVVEN/system/CodeIgniter.php(308): CodeIgniter\CodeIgniter->handleRequest()
#7 /var/www/html/CVVEN/public/index.php(45): CodeIgniter\CodeIgniter->run()
#8 {main}
CRITICAL - 2020-12-21 16:09:17 --> syntax error, unexpected end of file
#0 /var/www/html/CVVEN/system/Common.php(1087): CodeIgniter\View\View->render()
#1 /var/www/html/CVVEN/app/Controllers/ModifyUser.php(26): view()
#2 /var/www/html/CVVEN/system/CodeIgniter.php(914): App\Controllers\ModifyUser->index()
#3 /var/www/html/CVVEN/system/CodeIgniter.php(400): CodeIgniter\CodeIgniter->runController()
#4 /var/www/html/CVVEN/system/CodeIgniter.php(308): CodeIgniter\CodeIgniter->handleRequest()
#5 /var/www/html/CVVEN/public/index.php(45): CodeIgniter\CodeIgniter->run()
#6 {main}
CRITICAL - 2020-12-21 16:10:15 --> syntax error, unexpected end of file
#0 /var/www/html/CVVEN/system/Common.php(1087): CodeIgniter\View\View->render()
#1 /var/www/html/CVVEN/app/Controllers/ModifyUser.php(26): view()
#2 /var/www/html/CVVEN/system/CodeIgniter.php(914): App\Controllers\ModifyUser->index()
#3 /var/www/html/CVVEN/system/CodeIgniter.php(400): CodeIgniter\CodeIgniter->runController()
#4 /var/www/html/CVVEN/system/CodeIgniter.php(308): CodeIgniter\CodeIgniter->handleRequest()
#5 /var/www/html/CVVEN/public/index.php(45): CodeIgniter\CodeIgniter->run()
#6 {main}
CRITICAL - 2020-12-21 16:10:19 --> syntax error, unexpected end of file
#0 /var/www/html/CVVEN/system/Common.php(1087): CodeIgniter\View\View->render()
#1 /var/www/html/CVVEN/app/Controllers/ModifyUser.php(26): view()
#2 /var/www/html/CVVEN/system/CodeIgniter.php(914): App\Controllers\ModifyUser->index()
#3 /var/www/html/CVVEN/system/CodeIgniter.php(400): CodeIgniter\CodeIgniter->runController()
#4 /var/www/html/CVVEN/system/CodeIgniter.php(308): CodeIgniter\CodeIgniter->handleRequest()
#5 /var/www/html/CVVEN/public/index.php(45): CodeIgniter\CodeIgniter->run()
#6 {main}
CRITICAL - 2020-12-21 16:10:53 --> syntax error, unexpected end of file
#0 /var/www/html/CVVEN/system/Common.php(1087): CodeIgniter\View\View->render()
#1 /var/www/html/CVVEN/app/Controllers/ModifyUser.php(26): view()
#2 /var/www/html/CVVEN/system/CodeIgniter.php(914): App\Controllers\ModifyUser->index()
#3 /var/www/html/CVVEN/system/CodeIgniter.php(400): CodeIgniter\CodeIgniter->runController()
#4 /var/www/html/CVVEN/system/CodeIgniter.php(308): CodeIgniter\CodeIgniter->handleRequest()
#5 /var/www/html/CVVEN/public/index.php(45): CodeIgniter\CodeIgniter->run()
#6 {main}
CRITICAL - 2020-12-21 16:10:56 --> syntax error, unexpected end of file
#0 /var/www/html/CVVEN/system/Common.php(1087): CodeIgniter\View\View->render()
#1 /var/www/html/CVVEN/app/Controllers/ModifyUser.php(26): view()
#2 /var/www/html/CVVEN/system/CodeIgniter.php(914): App\Controllers\ModifyUser->index()
#3 /var/www/html/CVVEN/system/CodeIgniter.php(400): CodeIgniter\CodeIgniter->runController()
#4 /var/www/html/CVVEN/system/CodeIgniter.php(308): CodeIgniter\CodeIgniter->handleRequest()
#5 /var/www/html/CVVEN/public/index.php(45): CodeIgniter\CodeIgniter->run()
#6 {main}
CRITICAL - 2020-12-21 16:11:16 --> Undefined variable: LesUtilisateurs
#0 /var/www/html/CVVEN/app/Views/form/modifyuser.php(28): CodeIgniter\Debug\Exceptions->errorHandler()
#1 /var/www/html/CVVEN/system/View/View.php(246): include('/var/www/html/C...')
#2 /var/www/html/CVVEN/system/Common.php(1087): CodeIgniter\View\View->render()
#3 /var/www/html/CVVEN/app/Controllers/ModifyUser.php(26): view()
#4 /var/www/html/CVVEN/system/CodeIgniter.php(914): App\Controllers\ModifyUser->index()
#5 /var/www/html/CVVEN/system/CodeIgniter.php(400): CodeIgniter\CodeIgniter->runController()
#6 /var/www/html/CVVEN/system/CodeIgniter.php(308): CodeIgniter\CodeIgniter->handleRequest()
#7 /var/www/html/CVVEN/public/index.php(45): CodeIgniter\CodeIgniter->run()
#8 {main}
CRITICAL - 2020-12-21 16:11:44 --> Undefined index: login
#0 /var/www/html/CVVEN/app/Views/form/modifyuser.php(29): CodeIgniter\Debug\Exceptions->errorHandler()
#1 /var/www/html/CVVEN/system/View/View.php(246): include('/var/www/html/C...')
#2 /var/www/html/CVVEN/system/Common.php(1087): CodeIgniter\View\View->render()
#3 /var/www/html/CVVEN/app/Controllers/ModifyUser.php(26): view()
#4 /var/www/html/CVVEN/system/CodeIgniter.php(914): App\Controllers\ModifyUser->index()
#5 /var/www/html/CVVEN/system/CodeIgniter.php(400): CodeIgniter\CodeIgniter->runController()
#6 /var/www/html/CVVEN/system/CodeIgniter.php(308): CodeIgniter\CodeIgniter->handleRequest()
#7 /var/www/html/CVVEN/public/index.php(45): CodeIgniter\CodeIgniter->run()
#8 {main}
CRITICAL - 2020-12-21 17:40:30 --> Undefined variable: SiteReservationModel
#0 /var/www/html/CVVEN/app/Controllers/ModifyUser.php(49): CodeIgniter\Debug\Exceptions->errorHandler()
#1 /var/www/html/CVVEN/app/Controllers/ModifyUser.php(35): App\Controllers\ModifyUser->modifyUser()
#2 /var/www/html/CVVEN/system/CodeIgniter.php(914): App\Controllers\ModifyUser->index()
#3 /var/www/html/CVVEN/system/CodeIgniter.php(400): CodeIgniter\CodeIgniter->runController()
#4 /var/www/html/CVVEN/system/CodeIgniter.php(308): CodeIgniter\CodeIgniter->handleRequest()
#5 /var/www/html/CVVEN/public/index.php(45): CodeIgniter\CodeIgniter->run()
#6 {main}
CRITICAL - 2020-12-21 17:41:03 --> Undefined variable: SiteReservationModel
#0 /var/www/html/CVVEN/app/Controllers/ModifyUser.php(49): CodeIgniter\Debug\Exceptions->errorHandler()
#1 /var/www/html/CVVEN/app/Controllers/ModifyUser.php(35): App\Controllers\ModifyUser->modifyUser()
#2 /var/www/html/CVVEN/system/CodeIgniter.php(914): App\Controllers\ModifyUser->index()
#3 /var/www/html/CVVEN/system/CodeIgniter.php(400): CodeIgniter\CodeIgniter->runController()
#4 /var/www/html/CVVEN/system/CodeIgniter.php(308): CodeIgniter\CodeIgniter->handleRequest()
#5 /var/www/html/CVVEN/public/index.php(45): CodeIgniter\CodeIgniter->run()
#6 {main}
